2018-04-03 20:24:17 [scrapy.utils.log] INFO: Scrapy 1.5.0 started (bot: liepin)
2018-04-03 20:24:17 [scrapy.utils.log] INFO: Versions: lxml 4.1.1.0, libxml2 2.9.5, cssselect 1.0.1, parsel 1.3.1, w3lib 1.18.0, Twisted 17.9.0, Python 3.6.1 (v3.6.1:69c0db5, Mar 21 2017, 18:41:36) [MSC v.1900 64 bit (AMD64)], pyOpenSSL 17.5.0 (OpenSSL 1.1.0g  2 Nov 2017), cryptography 2.1.4, Platform Windows-10-10.0.16299-SP0
2018-04-03 20:24:17 [scrapy.crawler] INFO: Overridden settings: {'BOT_NAME': 'liepin', 'LOG_FILE': 'scrapy.log', 'NEWSPIDER_MODULE': 'liepin.spiders', 'ROBOTSTXT_OBEY': True, 'SPIDER_MODULES': ['liepin.spiders']}
2018-04-03 20:24:17 [scrapy.middleware] INFO: Enabled extensions:
['scrapy.extensions.corestats.CoreStats',
 'scrapy.extensions.telnet.TelnetConsole',
 'scrapy.extensions.logstats.LogStats']
2018-04-03 20:24:18 [scrapy.middleware] INFO: Enabled downloader middlewares:
['scrapy.downloadermiddlewares.robotstxt.RobotsTxtMiddleware',
 'scrapy.downloadermiddlewares.httpauth.HttpAuthMiddleware',
 'scrapy.downloadermiddlewares.downloadtimeout.DownloadTimeoutMiddleware',
 'scrapy.downloadermiddlewares.defaultheaders.DefaultHeadersMiddleware',
 'scrapy.downloadermiddlewares.useragent.UserAgentMiddleware',
 'scrapy.downloadermiddlewares.retry.RetryMiddleware',
 'scrapy.downloadermiddlewares.redirect.MetaRefreshMiddleware',
 'scrapy.downloadermiddlewares.httpcompression.HttpCompressionMiddleware',
 'scrapy.downloadermiddlewares.redirect.RedirectMiddleware',
 'scrapy.downloadermiddlewares.cookies.CookiesMiddleware',
 'scrapy.downloadermiddlewares.httpproxy.HttpProxyMiddleware',
 'scrapy.downloadermiddlewares.stats.DownloaderStats']
2018-04-03 20:24:18 [scrapy.middleware] INFO: Enabled spider middlewares:
['scrapy.spidermiddlewares.httperror.HttpErrorMiddleware',
 'scrapy.spidermiddlewares.offsite.OffsiteMiddleware',
 'scrapy.spidermiddlewares.referer.RefererMiddleware',
 'scrapy.spidermiddlewares.urllength.UrlLengthMiddleware',
 'scrapy.spidermiddlewares.depth.DepthMiddleware']
2018-04-03 20:24:18 [scrapy.middleware] INFO: Enabled item pipelines:
['liepin.pipelines.HtmlTagRemovePipeline',
 'liepin.pipelines.TransFormItemPipeline',
 'liepin.pipelines.LiepinPipeline']
2018-04-03 20:24:18 [scrapy.core.engine] INFO: Spider opened
2018-04-03 20:24:18 [scrapy.extensions.logstats] INFO: Crawled 0 pages (at 0 pages/min), scraped 0 items (at 0 items/min)
2018-04-03 20:24:18 [scrapy.extensions.telnet] DEBUG: Telnet console listening on 127.0.0.1:6023
2018-04-03 20:24:18 [scrapy.core.engine] DEBUG: Crawled (200) <GET https://www.liepin.com/robots.txt> (referer: None)
2018-04-03 20:24:18 [scrapy.core.engine] DEBUG: Crawled (200) <GET https://www.liepin.com/zhaopin/?sfrom=click-pc_homepage-centre_searchbox-search_new&d_sfrom=search_fp&key=%20%E8%BD%AF%E4%BB%B6%E5%BC%80%E5%8F%91%20> (referer: None)
2018-04-03 20:24:18 [scrapy.dupefilters] DEBUG: Filtered duplicate request: <GET https://www.liepin.com/zhaopin/?ckid=feea4e76b491ac8e&fromSearchBtn=2&degradeFlag=0&init=-1&sfrom=click-pc_homepage-centre_searchbox-search_new&key=+%E8%BD%AF%E4%BB%B6%E5%BC%80%E5%8F%91+&headckid=feea4e76b491ac8e&d_pageSize=40&siTag=Dzod3Fii-o4Qagzlj9WJWQ%7EfA9rXquZc5IkJpXC-Ycixw&d_headId=1fd63b582873c75b95772af648d184fa&d_ckId=1fd63b582873c75b95772af648d184fa&d_sfrom=search_fp&d_curPage=0&curPage=1> - no more duplicates will be shown (see DUPEFILTER_DEBUG to show all duplicates)
2018-04-03 20:24:18 [scrapy.core.engine] DEBUG: Crawled (200) <GET https://www.liepin.com/job/198274651.shtml> (referer: https://www.liepin.com/zhaopin/?sfrom=click-pc_homepage-centre_searchbox-search_new&d_sfrom=search_fp&key=%20%E8%BD%AF%E4%BB%B6%E5%BC%80%E5%8F%91%20)
2018-04-03 20:24:18 [scrapy.core.engine] DEBUG: Crawled (200) <GET https://www.liepin.com/job/1913239610.shtml> (referer: https://www.liepin.com/zhaopin/?sfrom=click-pc_homepage-centre_searchbox-search_new&d_sfrom=search_fp&key=%20%E8%BD%AF%E4%BB%B6%E5%BC%80%E5%8F%91%20)
2018-04-03 20:24:18 [py.warnings] WARNING: d:\program files\python36\lib\site-packages\bs4\__init__.py:181: UserWarning: No parser was explicitly specified, so I'm using the best available HTML parser for this system ("lxml"). This usually isn't a problem, but if you run this code on another system, or in a different virtual environment, it may use a different parser and behave differently.

The code that caused this warning is on line 193 of the file d:\program files\python36\lib\runpy.py. To get rid of this warning, change code that looks like this:

 BeautifulSoup(YOUR_MARKUP})

to this:

 BeautifulSoup(YOUR_MARKUP, "lxml")

  markup_type=markup_type))

2018-04-03 20:24:19 [scrapy.core.scraper] DEBUG: Scraped from <200 https://www.liepin.com/job/198274651.shtml>
{'address': '福州',
 'company_name': '福建新大陆软件工程有限公司',
 'company_size': '1000-2000人',
 'education': '本科及以上',
 'experience': '5年以上',
 'job_require': '岗位职责：通讯行业支撑/应用系统软件开发。岗位要求：1、5年以上工作经验，有电信行业软件经验、移动互联网经验、互联网网站经验优先；2、精通java、jsp、jquery开发，熟悉Hadoop及周边软件系统 '
                '3、熟悉oracle数据库及sql语句编写，有sql语句优化经验和oracle数据库常用管理经验； '
                '4、熟悉Tomcat或者Weblogic服务器的安装部署和性能优化； '
                '5、熟悉unix和linux的常用操作命令；6、熟悉Coherence、ORACLE-OSB、IBM-WebSphere、IBM-Message '
                'Broker中2个以上者优先；7、有较强沟通能力及文字表达能力；8、工作认真细致，自学能力强，具有很强的责任心及良好的执行力；9、具有高度的责任感和团队合作精神。\r\n'
                '                            ',
 'jobname': '软件开发高级工程师',
 'salary': '12-22万',
 'salary_max': '22',
 'salary_min': '12'}
2018-04-03 20:24:19 [scrapy.core.engine] DEBUG: Crawled (200) <GET https://www.liepin.com/rpojob/19065/> (referer: https://www.liepin.com/zhaopin/?sfrom=click-pc_homepage-centre_searchbox-search_new&d_sfrom=search_fp&key=%20%E8%BD%AF%E4%BB%B6%E5%BC%80%E5%8F%91%20)
2018-04-03 20:24:19 [scrapy.core.scraper] DEBUG: Scraped from <200 https://www.liepin.com/job/1913239610.shtml>
{'address': '西安-雁塔区',
 'company_name': 'BYD',
 'company_size': '10000人以上',
 'education': '本科及以上',
 'experience': '2年以上',
 'job_require': '岗位职责：1、负责公司数据中心、核心系统及各应用系统的开发；2、负责参与公司信息系统的架构设计及管理；3、负责协调与跟进第三方外包公司开发过程、校验及管理第三方外包公司开发成果；4、负责项目测试，编写及管理软件开发过程文档；5、负责参与系统、应用的日常维护和升级；6、负责完成其他IT事务。任职资格：1、统招本科及以上学历，计算机相关专业，通过全国大学英语四级并取得证书；两年以上软件开发工作经验；2、熟悉oracle数据库技术、weblogic产品，熟练使用plsql、java、Linux '
                'shell等编程语言；3、有较强的学习能力和动手能力，具有高度责任心和人际交往沟通能力。\n',
 'jobname': '软件开发工程师',
 'salary': '10-12万',
 'salary_max': '12',
 'salary_min': '10'}
2018-04-03 20:24:19 [scrapy.core.engine] DEBUG: Crawled (200) <GET https://www.liepin.com/job/1913239447.shtml> (referer: https://www.liepin.com/zhaopin/?sfrom=click-pc_homepage-centre_searchbox-search_new&d_sfrom=search_fp&key=%20%E8%BD%AF%E4%BB%B6%E5%BC%80%E5%8F%91%20)
2018-04-03 20:24:19 [scrapy.core.engine] DEBUG: Crawled (200) <GET https://www.liepin.com/job/198967469.shtml> (referer: https://www.liepin.com/zhaopin/?sfrom=click-pc_homepage-centre_searchbox-search_new&d_sfrom=search_fp&key=%20%E8%BD%AF%E4%BB%B6%E5%BC%80%E5%8F%91%20)
2018-04-03 20:24:19 [scrapy.core.scraper] ERROR: Spider error processing <GET https://www.liepin.com/rpojob/19065/> (referer: https://www.liepin.com/zhaopin/?sfrom=click-pc_homepage-centre_searchbox-search_new&d_sfrom=search_fp&key=%20%E8%BD%AF%E4%BB%B6%E5%BC%80%E5%8F%91%20)
Traceback (most recent call last):
  File "d:\program files\python36\lib\site-packages\scrapy\utils\defer.py", line 102, in iter_errback
    yield next(it)
  File "d:\program files\python36\lib\site-packages\scrapy\spidermiddlewares\offsite.py", line 30, in process_spider_output
    for x in result:
  File "d:\program files\python36\lib\site-packages\scrapy\spidermiddlewares\referer.py", line 339, in <genexpr>
    return (_set_referer(r) for r in result or ())
  File "d:\program files\python36\lib\site-packages\scrapy\spidermiddlewares\urllength.py", line 37, in <genexpr>
    return (r for r in result or () if _filter(r))
  File "d:\program files\python36\lib\site-packages\scrapy\spidermiddlewares\depth.py", line 58, in <genexpr>
    return (r for r in result or () if _filter(r))
  File "E:\liqi\桌面\毕业设计\jobSpider\liepin\liepin\spiders\JobDetailSpider.py", line 61, in parse
    "/html//div[@class='about-position']/div[@class='job-item main-message job-description'][1]/div[@class='content content-word']").extract_first().strip()
AttributeError: 'NoneType' object has no attribute 'strip'
2018-04-03 20:24:19 [scrapy.core.engine] DEBUG: Crawled (200) <GET https://www.liepin.com/job/1913240173.shtml> (referer: https://www.liepin.com/zhaopin/?sfrom=click-pc_homepage-centre_searchbox-search_new&d_sfrom=search_fp&key=%20%E8%BD%AF%E4%BB%B6%E5%BC%80%E5%8F%91%20)
2018-04-03 20:24:19 [scrapy.core.engine] DEBUG: Crawled (200) <GET https://www.liepin.com/job/1913239975.shtml> (referer: https://www.liepin.com/zhaopin/?sfrom=click-pc_homepage-centre_searchbox-search_new&d_sfrom=search_fp&key=%20%E8%BD%AF%E4%BB%B6%E5%BC%80%E5%8F%91%20)
2018-04-03 20:24:19 [scrapy.core.engine] DEBUG: Crawled (200) <GET https://www.liepin.com/job/1910587656.shtml> (referer: https://www.liepin.com/zhaopin/?sfrom=click-pc_homepage-centre_searchbox-search_new&d_sfrom=search_fp&key=%20%E8%BD%AF%E4%BB%B6%E5%BC%80%E5%8F%91%20)
2018-04-03 20:24:19 [scrapy.core.engine] DEBUG: Crawled (200) <GET https://www.liepin.com/rpojob/18197/> (referer: https://www.liepin.com/zhaopin/?sfrom=click-pc_homepage-centre_searchbox-search_new&d_sfrom=search_fp&key=%20%E8%BD%AF%E4%BB%B6%E5%BC%80%E5%8F%91%20)
2018-04-03 20:24:19 [scrapy.core.engine] DEBUG: Crawled (200) <GET https://www.liepin.com/rpojob/17580/> (referer: https://www.liepin.com/zhaopin/?sfrom=click-pc_homepage-centre_searchbox-search_new&d_sfrom=search_fp&key=%20%E8%BD%AF%E4%BB%B6%E5%BC%80%E5%8F%91%20)
2018-04-03 20:24:19 [scrapy.core.engine] DEBUG: Crawled (200) <GET https://www.liepin.com/rpojob/11527/> (referer: https://www.liepin.com/zhaopin/?sfrom=click-pc_homepage-centre_searchbox-search_new&d_sfrom=search_fp&key=%20%E8%BD%AF%E4%BB%B6%E5%BC%80%E5%8F%91%20)
2018-04-03 20:24:19 [scrapy.core.engine] DEBUG: Crawled (200) <GET https://www.liepin.com/rpojob/18909/> (referer: https://www.liepin.com/zhaopin/?sfrom=click-pc_homepage-centre_searchbox-search_new&d_sfrom=search_fp&key=%20%E8%BD%AF%E4%BB%B6%E5%BC%80%E5%8F%91%20)
2018-04-03 20:24:19 [scrapy.core.scraper] DEBUG: Scraped from <200 https://www.liepin.com/job/1913239447.shtml>
{'address': '长沙',
 'company_name': '晟通科技',
 'company_size': '5000-10000人',
 'education': '统招本科',
 'experience': '8年以上',
 'job_require': '职责描述：1、负责技术研发计划、目标的制定和跟踪实施，为业务开展提供技术支撑，保证研发项目按期保质保量完成2、负责技术线路的调研、评估与制定，组织产品技术架构的搭建3、负责研发团队的日常管理和考核，带领研发团队完成项目的开发，培养团队核心竞争力4、负责产品开发质量的把控任职要求：1、精通.NET、JAVA、PHP开发语言，至少一种2、精通MYSQL/SQLSERVER/ORACLE等数据库，精通各类项目管理工具3、掌握JAVA/PHP等框架技术的设计思想和实现方式，及ANDROID,IOS等移动互联软件开发及项目实施4、能承担高负荷工作，有良好的团队合作精神及管理能力，责任心强、工作敬业、有很强的开拓精神5、3年以上架构设计和团队管理经验，8年以上开发经验，有SAP开发经验者优先\r\n'
                '                            ',
 'jobname': '软件开发总监',
 'salary': '面议',
 'salary_max': 0,
 'salary_min': 0}
2018-04-03 20:24:19 [scrapy.core.engine] DEBUG: Crawled (200) <GET https://www.liepin.com/job/1913066860.shtml> (referer: https://www.liepin.com/zhaopin/?sfrom=click-pc_homepage-centre_searchbox-search_new&d_sfrom=search_fp&key=%20%E8%BD%AF%E4%BB%B6%E5%BC%80%E5%8F%91%20)
2018-04-03 20:24:19 [scrapy.core.engine] DEBUG: Crawled (200) <GET https://www.liepin.com/job/195374752.shtml> (referer: https://www.liepin.com/zhaopin/?sfrom=click-pc_homepage-centre_searchbox-search_new&d_sfrom=search_fp&key=%20%E8%BD%AF%E4%BB%B6%E5%BC%80%E5%8F%91%20)
2018-04-03 20:24:19 [scrapy.core.engine] DEBUG: Crawled (200) <GET https://www.liepin.com/job/196379536.shtml> (referer: https://www.liepin.com/zhaopin/?sfrom=click-pc_homepage-centre_searchbox-search_new&d_sfrom=search_fp&key=%20%E8%BD%AF%E4%BB%B6%E5%BC%80%E5%8F%91%20)
2018-04-03 20:24:19 [scrapy.core.engine] DEBUG: Crawled (200) <GET https://www.liepin.com/job/1913238578.shtml> (referer: https://www.liepin.com/zhaopin/?sfrom=click-pc_homepage-centre_searchbox-search_new&d_sfrom=search_fp&key=%20%E8%BD%AF%E4%BB%B6%E5%BC%80%E5%8F%91%20)
2018-04-03 20:24:19 [scrapy.core.engine] DEBUG: Crawled (200) <GET https://www.liepin.com/zhaopin/?ckid=feea4e76b491ac8e&fromSearchBtn=2&degradeFlag=0&init=-1&sfrom=click-pc_homepage-centre_searchbox-search_new&key=+%E8%BD%AF%E4%BB%B6%E5%BC%80%E5%8F%91+&headckid=feea4e76b491ac8e&d_pageSize=40&siTag=Dzod3Fii-o4Qagzlj9WJWQ%7EfA9rXquZc5IkJpXC-Ycixw&d_headId=1fd63b582873c75b95772af648d184fa&d_ckId=1fd63b582873c75b95772af648d184fa&d_sfrom=search_fp&d_curPage=0&curPage=1> (referer: https://www.liepin.com/zhaopin/?sfrom=click-pc_homepage-centre_searchbox-search_new&d_sfrom=search_fp&key=%20%E8%BD%AF%E4%BB%B6%E5%BC%80%E5%8F%91%20)
2018-04-03 20:24:19 [scrapy.core.engine] DEBUG: Crawled (200) <GET https://www.liepin.com/job/1913238831.shtml> (referer: https://www.liepin.com/zhaopin/?sfrom=click-pc_homepage-centre_searchbox-search_new&d_sfrom=search_fp&key=%20%E8%BD%AF%E4%BB%B6%E5%BC%80%E5%8F%91%20)
2018-04-03 20:24:19 [scrapy.core.engine] DEBUG: Crawled (200) <GET https://www.liepin.com/job/1913238054.shtml> (referer: https://www.liepin.com/zhaopin/?sfrom=click-pc_homepage-centre_searchbox-search_new&d_sfrom=search_fp&key=%20%E8%BD%AF%E4%BB%B6%E5%BC%80%E5%8F%91%20)
2018-04-03 20:24:19 [scrapy.core.scraper] DEBUG: Scraped from <200 https://www.liepin.com/job/198967469.shtml>
{'address': '湖南省',
 'company_name': '长沙银行股份有限公司',
 'company_size': '5000-10000人',
 'education': '本科及以上',
 'experience': '3年以上',
 'job_require': '岗位职责：1、协助编写《需求规格说明书》、《软件需求分析说明书》；2、协助进行《需求跟踪矩阵》的管理，保证需求的双向追溯性，《需求跟踪矩阵》中包括需求文档、设计文档、代码、用户手册、测试方案等；3、当需求发生变更或提出了新的需求时，评价它们对项目的影响。参与项目概要设计、详细设计、数据库设计工作，形成《概要设计说明书》、《详细设计说明书》和《数据库设计说明书》；4、参与具体项目的估计和策划工作，制定软件开发计划。跟踪软件开发计划的执行，包括进度、成本、工作量、规模、关键计算机资源等，当偏差过大时，采取纠正措施；协调完成相关的集成测试、系统测试等工作；5、进行需求映射，确保设计满足了《需求规格说明书》的全部内容，实现需求100%覆盖；6、进行编码实现、代码走查、单元测试、软件集成，形成单元测试记录；7、配合完成质量管理、产品入库和项目度量等工作；8、协助本岗位相关项目外包人员工作量审核与外包人员评价；9、及时跟进新技术，掌握新技术在本岗位工作中的推广和应用；10、完成领导交办的其他工作。岗位要求：1、从事商业银行或互联网金融相关系统开发经验3年及以上，具备银行会计知识，参与过银行核心系统开发优先；2、有扎实的编程能力以及良好的编程习惯，具备较强的分析和解决问题能力；3、熟悉JAVA后端技术栈，精通JVM、TOMCAT、SPRING、ORM、MAVEN、LB、服务框架、消息中间件、分布式缓存等知识与技能；4、熟悉MYSQL、ORACLE主流关系型数据库应用开发及调优技术；5、具备大规模分布式高负载并发应用系统开发经验者优先；6、认同长沙银行企业文化和价值观，具有较强的责任心及奉献精神，良好的团队协作意识；7、具备较强的学习能力和一定的项目管理能力。\n',
 'jobname': '信息技术部 软件开发岗',
 'salary': '面议',
 'salary_max': 0,
 'salary_min': 0}
2018-04-03 20:24:19 [scrapy.core.scraper] DEBUG: Scraped from <200 https://www.liepin.com/job/1913240173.shtml>
{'address': '北京',
 'company_name': 'Horizon Robotics',
 'company_size': '100-499人',
 'education': '本科及以上',
 'experience': '经验不限',
 'job_require': '工作职责:1、负责IPC（网络摄像机）嵌入式系统软件研发；2、负责产品的功能设计、新功能需求研发；3、对IPC产品研发过程中的相关技术问题进行攻关。任职资格:1、本科及以上学历，计算机、通信、电子或相关专业；2、精通C/C++程序设计,有3年以上嵌入式开发经验；3、有IPC/网络设备开发经验，了解主流IPC开发平台；(精通海思平台优先)4、熟悉TCP/UDP相关应用协议开发；(有网管协议开发经验优先)5、熟悉SIP、RTP、PS、RTSP等协议；6、熟悉Linux驱动开发；7、沟通交流能力强，良好的团队合作精神，工作主动性强；8、安防、通信及相关行业3年以上经验；\r\n'
                '                            ',
 'jobname': 'IP Camera 嵌入式软件开发工程师',
 'salary': '12-24万',
 'salary_max': '24',
 'salary_min': '12'}
2018-04-03 20:24:19 [scrapy.core.scraper] DEBUG: Scraped from <200 https://www.liepin.com/job/1913239975.shtml>
{'address': '南京',
 'company_name': '利安人寿',
 'company_size': '1000-2000人',
 'education': '统招本科',
 'experience': '经验不限',
 'job_require': '职责描述：1、参与功能模块的设计和编写；2、协助开发内容的单元测试、集成测试；3、协助处理数据库接口开发与报表接口开发的技术问题； '
                '4、领导交办的其他工作。 '
                '任职要求：1、计算机或相关专业本科及以上学历；2、熟悉Java开发语言，熟练使用Eclipse开发工具，熟悉SSH等主流开发框架；熟悉SQL '
                'Server/Oracle数据库操作；熟练掌握Linux下的常用命令，常用的脚本语言；3、有良好的逻辑思维和团队协作精神，积极主动、有责任心，有较强的抗压能力。 \n',
 'jobname': '（2018年校招）总公司—信息技术部—软件开发岗',
 'salary': '7-10万',
 'salary_max': '10',
 'salary_min': '7'}
2018-04-03 20:24:19 [scrapy.core.scraper] DEBUG: Scraped from <200 https://www.liepin.com/job/1910587656.shtml>
{'address': '重庆',
 'company_name': '重庆兴农融资担保集团有限公司',
 'company_size': '500-999人',
 'education': '硕士及以上',
 'experience': '2年以上',
 'job_require': '1、岗位职责（1）负责集团公司体系相关信息系统软件（含OA办公系统、业务系统、资料信息库系统）的日常运行维护、监控及优化；（2）负责配合集团公司体系信息系统软件开发商，参与区县业务系统、数据库系统、OA系统需求调研、模拟设计、软件开发、系统测试、上线运维、培训推广等工作；（3）负责集团公司体系信息系统软件的升级及变更，整合规划、完善日常运行监控和安全；（4）执行和完善集团公司体系相关信息系统软件运行日志及相关数据的备份，保管备份数据；（5）制定集团公司体系相关信息系统软件的应急处理预案和容错措施，完成相关软件测试和应急演练；（6）完成集团公司体系相关信息系统软件的上线部署，做好相关的软件风险控制和操作安全措施落实；（7）负责集团公司体系相关信息系统软件的技术咨询，收集和处理信息系统用户在日常使用过程中反馈的需求，及时、准确处理IT需求和系统使用中遇到的问题。2、招聘条件（1）教育要求：全日制国民教育计算机软件工程硕士研究生，国内双一流大学软件开发专业兼具经济、金融相关专业双学士优先考虑；（2）工作经历：两年或两年以上相关工作经历，大型金融机构、大型国企、重点院校，或在大型财务、金融软件企业从事过具体的开发设计等软件建设、运维等工作； '
                '（3）专业要求：①熟练使用VC++、C#或Java编程；熟悉Oracle/SQL '
                'Server等数据库开发；熟悉Web系统开发；②熟练使用ArcGIS、ArcSDE、MapObjects，并用其进行过开发；熟悉了解移动设备嵌入式GIS开发技术。③精通Oracle/Microsoft '
                'SQL '
                'SERVER等数据库管理；从事DBA工作，有丰富的主机与操作系统管理、数据库管理、存储管理与规划、安全管理与规划经验；精通PL/SQL编程，熟悉数据库建模。④开发过基于Weblogic或Websphere应用服务器的应用程序；熟悉WebLogic/Websphere的安装、配置、故障处理和调优；具有J2EE相关开发经验；熟悉weblogic集群的配置和管理；有Oracle '
                'weblogic认证证书者优先。⑤能掌握和运用集团公司现有信息系统软件和源代码，及时诊断、分析、处理业务系统运行过程中的故障，能独立进行新模块新功能的开发应用。（4）其他要求：思维敏捷，有较强的责任感及沟通能力；良好的职业道德和服务意识；较强的组织和协调能力；年龄不超过35岁。\n',
 'jobname': '软件开发设计人员',
 'salary': '面议',
 'salary_max': 0,
 'salary_min': 0}
2018-04-03 20:24:19 [scrapy.core.scraper] ERROR: Spider error processing <GET https://www.liepin.com/rpojob/18197/> (referer: https://www.liepin.com/zhaopin/?sfrom=click-pc_homepage-centre_searchbox-search_new&d_sfrom=search_fp&key=%20%E8%BD%AF%E4%BB%B6%E5%BC%80%E5%8F%91%20)
Traceback (most recent call last):
  File "d:\program files\python36\lib\site-packages\scrapy\utils\defer.py", line 102, in iter_errback
    yield next(it)
  File "d:\program files\python36\lib\site-packages\scrapy\spidermiddlewares\offsite.py", line 30, in process_spider_output
    for x in result:
  File "d:\program files\python36\lib\site-packages\scrapy\spidermiddlewares\referer.py", line 339, in <genexpr>
    return (_set_referer(r) for r in result or ())
  File "d:\program files\python36\lib\site-packages\scrapy\spidermiddlewares\urllength.py", line 37, in <genexpr>
    return (r for r in result or () if _filter(r))
  File "d:\program files\python36\lib\site-packages\scrapy\spidermiddlewares\depth.py", line 58, in <genexpr>
    return (r for r in result or () if _filter(r))
  File "E:\liqi\桌面\毕业设计\jobSpider\liepin\liepin\spiders\JobDetailSpider.py", line 61, in parse
    "/html//div[@class='about-position']/div[@class='job-item main-message job-description'][1]/div[@class='content content-word']").extract_first().strip()
AttributeError: 'NoneType' object has no attribute 'strip'
2018-04-03 20:24:19 [scrapy.core.engine] DEBUG: Crawled (200) <GET https://www.liepin.com/job/1913233591.shtml> (referer: https://www.liepin.com/zhaopin/?sfrom=click-pc_homepage-centre_searchbox-search_new&d_sfrom=search_fp&key=%20%E8%BD%AF%E4%BB%B6%E5%BC%80%E5%8F%91%20)
2018-04-03 20:24:19 [scrapy.core.engine] DEBUG: Crawled (200) <GET https://www.liepin.com/job/1913232712.shtml> (referer: https://www.liepin.com/zhaopin/?sfrom=click-pc_homepage-centre_searchbox-search_new&d_sfrom=search_fp&key=%20%E8%BD%AF%E4%BB%B6%E5%BC%80%E5%8F%91%20)
2018-04-03 20:24:19 [scrapy.core.engine] DEBUG: Crawled (200) <GET https://www.liepin.com/job/1913233437.shtml> (referer: https://www.liepin.com/zhaopin/?sfrom=click-pc_homepage-centre_searchbox-search_new&d_sfrom=search_fp&key=%20%E8%BD%AF%E4%BB%B6%E5%BC%80%E5%8F%91%20)
2018-04-03 20:24:19 [scrapy.core.engine] DEBUG: Crawled (200) <GET https://www.liepin.com/job/1912096231.shtml> (referer: https://www.liepin.com/zhaopin/?sfrom=click-pc_homepage-centre_searchbox-search_new&d_sfrom=search_fp&key=%20%E8%BD%AF%E4%BB%B6%E5%BC%80%E5%8F%91%20)
2018-04-03 20:24:19 [scrapy.core.engine] DEBUG: Crawled (200) <GET https://www.liepin.com/job/198171952.shtml> (referer: https://www.liepin.com/zhaopin/?sfrom=click-pc_homepage-centre_searchbox-search_new&d_sfrom=search_fp&key=%20%E8%BD%AF%E4%BB%B6%E5%BC%80%E5%8F%91%20)
2018-04-03 20:24:19 [scrapy.core.engine] DEBUG: Crawled (200) <GET https://www.liepin.com/job/199726792.shtml> (referer: https://www.liepin.com/zhaopin/?sfrom=click-pc_homepage-centre_searchbox-search_new&d_sfrom=search_fp&key=%20%E8%BD%AF%E4%BB%B6%E5%BC%80%E5%8F%91%20)
2018-04-03 20:24:19 [scrapy.core.scraper] ERROR: Spider error processing <GET https://www.liepin.com/rpojob/17580/> (referer: https://www.liepin.com/zhaopin/?sfrom=click-pc_homepage-centre_searchbox-search_new&d_sfrom=search_fp&key=%20%E8%BD%AF%E4%BB%B6%E5%BC%80%E5%8F%91%20)
Traceback (most recent call last):
  File "d:\program files\python36\lib\site-packages\scrapy\utils\defer.py", line 102, in iter_errback
    yield next(it)
  File "d:\program files\python36\lib\site-packages\scrapy\spidermiddlewares\offsite.py", line 30, in process_spider_output
    for x in result:
  File "d:\program files\python36\lib\site-packages\scrapy\spidermiddlewares\referer.py", line 339, in <genexpr>
    return (_set_referer(r) for r in result or ())
  File "d:\program files\python36\lib\site-packages\scrapy\spidermiddlewares\urllength.py", line 37, in <genexpr>
    return (r for r in result or () if _filter(r))
  File "d:\program files\python36\lib\site-packages\scrapy\spidermiddlewares\depth.py", line 58, in <genexpr>
    return (r for r in result or () if _filter(r))
  File "E:\liqi\桌面\毕业设计\jobSpider\liepin\liepin\spiders\JobDetailSpider.py", line 61, in parse
    "/html//div[@class='about-position']/div[@class='job-item main-message job-description'][1]/div[@class='content content-word']").extract_first().strip()
AttributeError: 'NoneType' object has no attribute 'strip'
2018-04-03 20:24:19 [scrapy.core.scraper] ERROR: Spider error processing <GET https://www.liepin.com/rpojob/11527/> (referer: https://www.liepin.com/zhaopin/?sfrom=click-pc_homepage-centre_searchbox-search_new&d_sfrom=search_fp&key=%20%E8%BD%AF%E4%BB%B6%E5%BC%80%E5%8F%91%20)
Traceback (most recent call last):
  File "d:\program files\python36\lib\site-packages\scrapy\utils\defer.py", line 102, in iter_errback
    yield next(it)
  File "d:\program files\python36\lib\site-packages\scrapy\spidermiddlewares\offsite.py", line 30, in process_spider_output
    for x in result:
  File "d:\program files\python36\lib\site-packages\scrapy\spidermiddlewares\referer.py", line 339, in <genexpr>
    return (_set_referer(r) for r in result or ())
  File "d:\program files\python36\lib\site-packages\scrapy\spidermiddlewares\urllength.py", line 37, in <genexpr>
    return (r for r in result or () if _filter(r))
  File "d:\program files\python36\lib\site-packages\scrapy\spidermiddlewares\depth.py", line 58, in <genexpr>
    return (r for r in result or () if _filter(r))
  File "E:\liqi\桌面\毕业设计\jobSpider\liepin\liepin\spiders\JobDetailSpider.py", line 61, in parse
    "/html//div[@class='about-position']/div[@class='job-item main-message job-description'][1]/div[@class='content content-word']").extract_first().strip()
AttributeError: 'NoneType' object has no attribute 'strip'
2018-04-03 20:24:19 [scrapy.core.scraper] ERROR: Spider error processing <GET https://www.liepin.com/rpojob/18909/> (referer: https://www.liepin.com/zhaopin/?sfrom=click-pc_homepage-centre_searchbox-search_new&d_sfrom=search_fp&key=%20%E8%BD%AF%E4%BB%B6%E5%BC%80%E5%8F%91%20)
Traceback (most recent call last):
  File "d:\program files\python36\lib\site-packages\scrapy\utils\defer.py", line 102, in iter_errback
    yield next(it)
  File "d:\program files\python36\lib\site-packages\scrapy\spidermiddlewares\offsite.py", line 30, in process_spider_output
    for x in result:
  File "d:\program files\python36\lib\site-packages\scrapy\spidermiddlewares\referer.py", line 339, in <genexpr>
    return (_set_referer(r) for r in result or ())
  File "d:\program files\python36\lib\site-packages\scrapy\spidermiddlewares\urllength.py", line 37, in <genexpr>
    return (r for r in result or () if _filter(r))
  File "d:\program files\python36\lib\site-packages\scrapy\spidermiddlewares\depth.py", line 58, in <genexpr>
    return (r for r in result or () if _filter(r))
  File "E:\liqi\桌面\毕业设计\jobSpider\liepin\liepin\spiders\JobDetailSpider.py", line 61, in parse
    "/html//div[@class='about-position']/div[@class='job-item main-message job-description'][1]/div[@class='content content-word']").extract_first().strip()
AttributeError: 'NoneType' object has no attribute 'strip'
2018-04-03 20:24:19 [scrapy.core.scraper] DEBUG: Scraped from <200 https://www.liepin.com/job/1913066860.shtml>
{'address': '深圳',
 'company_name': '华星光电',
 'company_size': '10000人以上',
 'education': '统招本科',
 'experience': '6年以上',
 'job_require': '岗位职责：1.\t负责华星移动平台整体轻应用开发建设规划；2.\t负责轻应用APP界面的设计开发及制定相关设计文档；3.\t'
                '制作标准化代码，开发共用组件并提供相关开发文档；4.\t负责优化系统开发方案及开发技术选型；任职要求：1.\t'
                '计算机及相关专业本科毕业，从事前端开发工作至少5年；2.\t'
                '精通Html5+Css3+Javascript轻应用的开发技术，并有相关项目经验；3.\t'
                '熟练Angularjs,vue等一种或多种开发框架；4.\t熟悉RequireJS框架及AMD规范；5.\t'
                '熟悉Ionic、Less、Cordova、nodejs等技术框架优先； 6.\t'
                '良好沟通和表达能力、逻辑思维能力，文档管理和编写能力，时间管理能力以及学习能力；7.\t'
                '具有较强的压力承受能力，良好的团队合作能力；\r\n'
                '                            ',
 'jobname': 'APP软件开发高级工程师',
 'salary': '18-24万',
 'salary_max': '24',
 'salary_min': '18'}
2018-04-03 20:24:19 [scrapy.core.scraper] DEBUG: Scraped from <200 https://www.liepin.com/job/195374752.shtml>
{'address': '天津-南开区',
 'company_name': 'Fair Link',
 'company_size': '50-99人',
 'education': '学历不限',
 'experience': '3年以上',
 'job_require': '工作职责： 1.    负责设计、开发和维护在有限硬件环境下的高稳定性高并发服务2.    '
                '设计和编写单元测试和自动化测试用例、组建相关测试系统 职位要求： 1.    '
                '本科及以上学历，计算机、通信及相关专业，具有嵌入式软件开发经验2.    '
                '精通C/C++、Java或Golang中的一种语言3.    2年以上Linux/Unix环境开发经验4.    '
                '熟悉SQL关系型数据库5.    具备较好的工程化前端思维，具备较好的问题分析与解决能力6.    '
                '熟悉Git等版本控制工具的使用，有较好的代码管理7.    '
                '思路清晰，具备良好的沟通能力和团队协作精，善于学习、总结，乐于分享8.\t'
                '乐于积极学习和运用新技术，能独立解决在技术升级更替过程中出现的问题 优先条件： 1.\t熟悉PostgreSQL2.\t'
                '了解函数式编程的概念并会使用至少一种函数式编程语言3.\t熟悉Linux内核Netfilter模块4.\t'
                '具备较好的跨平台知识背景5.\t具备系统平台、算法性能优化经验者\n',
 'jobname': '高级软件开发工程师',
 'salary': '24-30万',
 'salary_max': '30',
 'salary_min': '24'}
2018-04-03 20:24:19 [scrapy.core.scraper] DEBUG: Scraped from <200 https://www.liepin.com/job/1913238578.shtml>
{'address': '郑州-金水区',
 'company_name': '银丰盛和集团',
 'company_size': '100-499人',
 'education': '本科及以上',
 'experience': '5年以上',
 'job_require': '岗位职责：1、有5年以上PC软件开发、3年以上的JAVA开发经验，熟悉多种开源程序框架；2、具备软件架构设计能力，会用VISO等工具绘画架构图、UML设计图等；3、精通 '
                'JAVASCRIPT + DIV + CSS + AJAX模式的网页程序开发；4、熟悉MYSQL、ORACLE、SQL '
                'SERVER等数据库软件；5、对系统性能优化、系统测试及数据挖掘具备独到见解及认知；6、有电力/通讯/仪器、OA、GIS '
                '系统或报表软件开发经验者优先；7、本岗位定义为智慧照明、智慧城市方向，真诚欢迎对未来职业规划有前瞻性的有志之士加入。任职要求：1、大学本科以上学历，五年以上的软件产品（java/linux方向）开发经验；                '
                '2、具有较强的逻辑思维能力，并能够深入掌握各种复杂业务场景及解决方案；            '
                '3、参与技术选型和系统需求分析，参与核心和重要系统功能研究和设计；4、指导组员对核心代码的应用和具体扩展，参与技术文档整理和编写，技术分享；5、具备较强的产品集成能力，熟悉智慧城市的主流技术和发展方向，具有良好的软硬件整体观；                                          '
                '6、对程序设计有精益求精的态度，良好的团队合作精神和沟通能力、组织协调能力、抗压能力。\r\n'
                '                            ',
 'jobname': '高级软件开发工程师',
 'salary': '10-12万',
 'salary_max': '12',
 'salary_min': '10'}
2018-04-03 20:24:19 [scrapy.core.scraper] DEBUG: Scraped from <200 https://www.liepin.com/job/196379536.shtml>
{'address': '天津',
 'company_name': 'Fair Link',
 'company_size': '50-99人',
 'education': '本科及以上',
 'experience': '2年以上',
 'job_require': '工作职责：1. 开发和维护自动化测试框架；2. 从可测试性方面为研发工作提供指导和建议；3. '
                '指导和协助研发工程师完成单元测试；4. 针对典型应用场景编写自动化验收测试和回归测试用例；5. '
                '编写测试工具协助测试工程师完成黑盒测试；职位要求：1. 本科及以上学历，计算机或自动化相关专业优先；2. '
                '2年以上软件研发经验，有单元测试/自动化测试/白盒测试/黑盒测试经验者优先；3. '
                '熟练掌握Java/C/C++/C#等至少一种编程语言，有Python/Ruby/shell等脚本语言经验者优先；4. '
                '学习能力强，英语能力优秀者优先；5. 具有良好的沟通能力和团队合作能力。\n',
 'jobname': '软件开发测试工程师',
 'salary': '7-14万',
 'salary_max': '14',
 'salary_min': '7'}
2018-04-03 20:24:19 [scrapy.core.scraper] DEBUG: Scraped from <200 https://www.liepin.com/job/1913238831.shtml>
{'address': '南京-雨花台',
 'company_name': '中兴通讯股份有限公司',
 'company_size': '10000人以上',
 'education': '统招本科',
 'experience': '经验不限',
 'job_require': '工作职责:java&大数据软件开发工程师任职资格:1、熟悉Java编程语言及设计思想，熟悉web前端技术，熟练使用spring，struts，mybatis等框架；2、熟悉mysql，oracle等数据库基本操作，了解linux基本操作；3、学习能力强，基本功扎实，有一定的抗压能力，有良好的代码书写、注释和单元测试习惯；4、做事严谨踏实，责任心强，条理清楚，有良好的团队合作精神和沟通协调能力。5、熟悉Spark，Elasticsearch，Kafka等技术优先。\n',
 'jobname': 'java&大数据软件开发工程师',
 'salary': '18-24万',
 'salary_max': '24',
 'salary_min': '18'}
2018-04-03 20:24:19 [scrapy.core.scraper] DEBUG: Scraped from <200 https://www.liepin.com/job/1913238054.shtml>
{'address': '北京',
 'company_name': '汇中利通',
 'company_size': '5000-10000人',
 'education': '学历不限',
 'experience': '3年以上',
 'job_require': '职责描述：1、负责业务代码的设计和开发；2、业务前台页面的编写；任职要求：1、必须会写前台页面（面向用户的网站页面）；2、三年以上Java开发经验；3、了解Redis，最好做过Redis集群方面工作；4、能独立处理Git/SVN版本冲突；5、精通spring '
                'MVC框架、dubbo、spring cloud/spring '
                '分布式框架会一种，且做过该类项目。6、做过数据库SQL优化。\r\n'
                '                            ',
 'jobname': '软件开发工程师',
 'salary': '12-28万',
 'salary_max': '28',
 'salary_min': '12'}
2018-04-03 20:24:19 [scrapy.core.engine] DEBUG: Crawled (200) <GET https://www.liepin.com/job/1911058940.shtml> (referer: https://www.liepin.com/zhaopin/?sfrom=click-pc_homepage-centre_searchbox-search_new&d_sfrom=search_fp&key=%20%E8%BD%AF%E4%BB%B6%E5%BC%80%E5%8F%91%20)
2018-04-03 20:24:20 [scrapy.core.engine] DEBUG: Crawled (200) <GET https://www.liepin.com/job/199839465.shtml> (referer: https://www.liepin.com/zhaopin/?sfrom=click-pc_homepage-centre_searchbox-search_new&d_sfrom=search_fp&key=%20%E8%BD%AF%E4%BB%B6%E5%BC%80%E5%8F%91%20)
2018-04-03 20:24:20 [scrapy.core.engine] DEBUG: Crawled (200) <GET https://www.liepin.com/job/1911059043.shtml> (referer: https://www.liepin.com/zhaopin/?sfrom=click-pc_homepage-centre_searchbox-search_new&d_sfrom=search_fp&key=%20%E8%BD%AF%E4%BB%B6%E5%BC%80%E5%8F%91%20)
2018-04-03 20:24:20 [scrapy.core.engine] DEBUG: Crawled (200) <GET https://www.liepin.com/job/199839504.shtml> (referer: https://www.liepin.com/zhaopin/?sfrom=click-pc_homepage-centre_searchbox-search_new&d_sfrom=search_fp&key=%20%E8%BD%AF%E4%BB%B6%E5%BC%80%E5%8F%91%20)
2018-04-03 20:24:20 [scrapy.core.engine] DEBUG: Crawled (200) <GET https://www.liepin.com/job/199952570.shtml> (referer: https://www.liepin.com/zhaopin/?sfrom=click-pc_homepage-centre_searchbox-search_new&d_sfrom=search_fp&key=%20%E8%BD%AF%E4%BB%B6%E5%BC%80%E5%8F%91%20)
2018-04-03 20:24:20 [scrapy.core.engine] DEBUG: Crawled (200) <GET https://www.liepin.com/job/1911058937.shtml> (referer: https://www.liepin.com/zhaopin/?sfrom=click-pc_homepage-centre_searchbox-search_new&d_sfrom=search_fp&key=%20%E8%BD%AF%E4%BB%B6%E5%BC%80%E5%8F%91%20)
2018-04-03 20:24:20 [scrapy.core.engine] DEBUG: Crawled (200) <GET https://www.liepin.com/job/199709523.shtml> (referer: https://www.liepin.com/zhaopin/?sfrom=click-pc_homepage-centre_searchbox-search_new&d_sfrom=search_fp&key=%20%E8%BD%AF%E4%BB%B6%E5%BC%80%E5%8F%91%20)
2018-04-03 20:24:20 [scrapy.core.engine] DEBUG: Crawled (200) <GET https://www.liepin.com/job/199726859.shtml> (referer: https://www.liepin.com/zhaopin/?sfrom=click-pc_homepage-centre_searchbox-search_new&d_sfrom=search_fp&key=%20%E8%BD%AF%E4%BB%B6%E5%BC%80%E5%8F%91%20)
2018-04-03 20:24:20 [scrapy.core.scraper] DEBUG: Scraped from <200 https://www.liepin.com/job/1913233591.shtml>
{'address': '上海-浦东新区',
 'company_name': '福莱克斯光变颜料有限公司',
 'company_size': '10000人以上',
 'education': '本科及以上',
 'experience': '5年以上',
 'job_require': 'bout Viavi SolutionsVIAVI (NASDAQ: VIAV) has a 90+ year '
                'history of technical innovations that have evolved to keep '
                'pace and address our customer’s most pressing business '
                'issues. We make equipment, software, and systems that help to '
                'plan, deploy, certify, monitor, and optimize all kinds of '
                'networks - like those for mobile phones, service providers, '
                'large businesses and data centers. And, we are also at the '
                'forefront of optical security – we bend light to develop and '
                'deliver optical solutions that provide security to the '
                'world’s currencies and safety and performance applications '
                'for consumer electronics and spectrometry.We are the people '
                'behind the products that help keep the world connected – at '
                'home, school, work, at play, and everywhere in between. VIAVI '
                'employees are fierce about supporting customer success and we '
                'welcome people who bring their best every day to the company '
                '- to question, to collaborate and to push for solutions that '
                'will delight our customers.岗位 Role: Senior Software Engineer '
                'C++ (高级C++软件开发工程师）汇报线 Reporting to: R&D Engineering '
                'Manager工作地点 Location: Pudong New District, Shanghai City, '
                'China (上海浦东）职责描述：Key Job Duties and Responsibilities -· '
                'Perform design, development, coding, testing, maintenance and '
                'documentation for software systems and applications· '
                'Responsible for designing client, GUI, and server software· '
                'Write and review design documents and specifications, develop '
                'software to specifications, fix coding errors, perform unit '
                'and integration testing, and develop procedures and scripts '
                'for testing automation任职要求： Qualifications/Knowledge and '
                'skills -· BS or MS in Electrical/Computer Engineering or '
                'Computer Science· 6+ years of software development '
                'experience· Strong experience in languages: C++/C#, .NET, and '
                'MS Visual Studio environment is a MUST· Experience with any '
                'of the following protocols is a strong advantage:· '
                'Ethernet/IP/TCP/UDP· Fiber Channel/ FCoE· '
                'SAS/SATA/AHCI/iSCSI· PCIe/NVMe· Experience in scripting with '
                'Perl, Python, or Tcl is a plus· Multithreaded/multiprocessor '
                'programming with .NET is a plus· Experience with '
                'RPC/client-server designs is a plus·Good English '
                'communication skills, both verbal and written·Self-motivated, '
                'dedicated, focused, and has ability to meet very tight '
                'schedules and can work independently on projects and tasks '
                'with little supervisionIf you have what it takes to push '
                'boundaries and seize opportunities, apply to join our team '
                'today.VIAVI Solutions is an equal opportunity and affirmative '
                'action employer – minorities / females / veterans / persons '
                'with disabilities.\r\n'
                '                            ',
 'jobname': 'Senior Software Engineer C++ (高级C++软件开发工程师）',
 'salary': '面议',
 'salary_max': 0,
 'salary_min': 0}
2018-04-03 20:24:20 [scrapy.core.scraper] DEBUG: Scraped from <200 https://www.liepin.com/job/1913232712.shtml>
{'address': '合肥',
 'company_name': '神州数码信息服务股份有限公司',
 'company_size': '5000-10000人',
 'education': '本科及以上',
 'experience': '3年以上',
 'job_require': '1.3年以上Java开发经验，熟练掌握spring/ibatis等主流框架，1年以上银行业务系统开发经验；2. '
                '熟悉J2EE系统框架和JAVA开发语言，能够熟练使用Eclipse开发工具；熟练掌握XML、HTML、Javascript技术；3. '
                '熟悉OARCLE、Mysql等主流数据库4. 具有强烈的责任感，良好的沟通和表达能力，优秀的抗压能力。5. '
                '熟悉银行相关业务，有中间业务或者ESB相关工作经验有限。职位要求：1.3年以上Java开发经验，熟练掌握spring/ibatis等主流框架，2年以上银行业务系统开发经验；2. '
                '熟悉J2EE系统框架和JAVA开发语言，能够熟练使用Eclipse开发工具；熟练掌握XML、HTML、Javascript技术；3. '
                '熟悉OARCLE、Mysql等主流数据库4. 具有强烈的责任感，良好的沟通和表达能力，优秀的抗压能力。5. '
                '熟悉银行相关业务，有中间业务或者ESB相关工作经验有限。\r\n'
                '                            ',
 'jobname': 'ios软件开发工程师',
 'salary': '面议',
 'salary_max': 0,
 'salary_min': 0}
2018-04-03 20:24:20 [scrapy.core.scraper] DEBUG: Scraped from <200 https://www.liepin.com/job/1913233437.shtml>
{'address': '上海-浦东新区',
 'company_name': '福莱克斯光变颜料有限公司',
 'company_size': '10000人以上',
 'education': '本科及以上',
 'experience': '经验不限',
 'job_require': 'About Viavi SolutionsVIAVI (NASDAQ: VIAV) has a 90+ year '
                'history of technical innovations that have evolved to keep '
                'pace and address our customer’s most pressing business '
                'issues. We make equipment, software, and systems that help to '
                'plan, deploy, certify, monitor, and optimize all kinds of '
                'networks - like those for mobile phones, service providers, '
                'large businesses and data centers. And, we are also at the '
                'forefront of optical security – we bend light to develop and '
                'deliver optical solutions that provide security to the '
                'world’s currencies and safety and performance applications '
                'for consumer electronics and spectrometry.We are the people '
                'behind the products that help keep the world connected – at '
                'home, school, work, at play, and everywhere in between. VIAVI '
                'employees are fierce about supporting customer success and we '
                'welcome people who bring their best every day to the company '
                '-  to question, to collaborate and to push for solutions that '
                'will delight our customers.岗位 Role:\t\t                '
                'Software Engineer C++ (C++软件开发工程师）汇报线 Reporting to:\tR&D '
                'Engineering Manager工作地点 Location:\t        Pudong New '
                'District, Shanghai City, China (上海浦东）职责描述：Key Job Duties and '
                'Responsibilities -  ·         Perform design, development, '
                'coding, testing, maintenance and documentation for software '
                'systems and applications·         Responsible for designing '
                'client, GUI, and server software·         Write and review '
                'design documents and specifications, develop software to '
                'specifications, fix coding errors, perform unit and '
                'integration testing, and develop procedures and scripts for '
                'testing automation任职要求：Qualifications/Knowledge and skills -  '
                '·         BS or MS in Electrical/Computer Engineering or '
                'Computer Science·         2+ years of software development '
                'experience. New graduate with strong relevant knowledge may '
                'apply·         Strong experience in languages: C++, .NET, and '
                'MS Visual Studio environment is a MUST·         Experience '
                'with any of the following protocols is a strong advantage:§  '
                'Ethernet/IP/TCP/UDP§  Fiber Channel/ FCoE§  SAS/SATA/iSCSI§  '
                'PCIe/NVMe·         Experience in scripting with Perl, Python, '
                'or Tcl is a plus·         Multithreaded/multiprocessor '
                'programming with .NET is a plus·         Experience with '
                'RPC/client-server designs is a plus·         Good English '
                'communication skills, both verbal and written·         '
                'Self-motivated, dedicated, focused, and has ability to meet '
                'very tight schedules and can work independently on projects '
                'and tasks with little supervisionIf you have what it takes to '
                'push boundaries and seize opportunities, apply to join our '
                'team today.VIAVI Solutions is an equal opportunity and '
                'affirmative action employer – minorities / females / veterans '
                '/ persons with disabilities.\n',
 'jobname': 'Software Engineer C++ (C++软件开发工程师）',
 'salary': '面议',
 'salary_max': 0,
 'salary_min': 0}
2018-04-03 20:24:20 [scrapy.core.scraper] DEBUG: Scraped from <200 https://www.liepin.com/job/1912096231.shtml>
{'address': '北京-西城区',
 'company_name': '中金所技术公司',
 'company_size': '100-499人',
 'education': '本科及以上',
 'experience': '经验不限',
 'job_require': '1、负责证券期货行业核心系统（交易、结算、风控、网站、办公）开发，2、具体包括业务分析、系统功能需求分析、系统逻辑模型设计以及开发实施等工作；任职要求：1、全日制本科及以上学历，计算机、通信等相关专业；2、5年以上Java开发和设计经验。3、精通Java语言，熟练掌握Spring、MyBatis、Hibernate等开源框架以及Oracle，MySQL等主流数据库；4、熟练掌握HTML、JavaScript、Ajax等前端开发技术，以及JQuery '
                '、EasyUI等前端框架；5、深刻理解J2EE系统架构、面向对象的编程思想，以及常用设计模式6、具备良好的代码规范、文档编写、学习沟通能力，以及团队合作意识；7、具有金融行业软件开发经验者优先。分享微信邮件\r\n'
                '                            ',
 'jobname': '软件开发工程师',
 'salary': '12-18万',
 'salary_max': '18',
 'salary_min': '12'}
2018-04-03 20:24:20 [scrapy.core.scraper] DEBUG: Scraped from <200 https://www.liepin.com/job/198171952.shtml>
{'address': '上海',
 'company_name': '乐牙网',
 'company_size': '50-99人',
 'education': '统招本科',
 'experience': '5年以上',
 'job_require': '岗位职责：1、主导产品的软件架构，保证架构设计能够满足产品的功能需求、性能需求、可靠性需求、可维护性需求和可扩展性需求； '
                '2、负责技术选型（包括：语言选择、框架选择、公共模块等）； '
                '3、与产品经理沟通，分析需求，分析产品需求，起草并维护架构设计文档，培训工程师并且保证架构设计得到执行；4、制定技术文档和开发规范，并对开发过程进行持续改进； '
                '5、公司主产品线架构设计、搭建、验证、培训、维护、持续重构（文档和代码）； '
                '6、编写并搭建系统框架，验证框架能够满足上述产品需求，并持续维护框架代码；7、对团队开发人员进行代码质量审核、技术指导和监督； '
                '8、系统性能优化，安全加固，保证网站安全、稳定、快速运行；9、解决技术难题；任职要求：1、有丰富高并发、高吞吐、高稳定性系统架构设计与实现经验，对架构重构分析、分布改进有实战经验；2、能独立设计并实现高并发、高可用的大型Java应用的能力。熟练应用成熟的分布式缓存、分布式存储技术方案；3、熟悉Linux开发环境，熟练配置维护Nginx/Apache/Tomcat/Jetty等服务，掌握shell脚本工具；4、熟悉敏捷开发；极限编程，测试驱动开发，持续集成中的一种和多种；5、专注于技术、对业界的发展动态有比较密切的关注，同时对电子商务、金融行业、银行业等有较深刻的理解；6、能带领5人以上团队；7、积极主动，乐于分享，责任感强，有良好的团队精神。\n',
 'jobname': '高级Java软件开发工程师',
 'salary': '18-24万',
 'salary_max': '24',
 'salary_min': '18'}
2018-04-03 20:24:20 [scrapy.core.scraper] DEBUG: Scraped from <200 https://www.liepin.com/job/199726792.shtml>
{'address': '青岛',
 'company_name': '北京云族佳科技有限公司',
 'company_size': '100-499人',
 'education': '统招本科',
 'experience': '5年以上',
 'job_require': '注意：市内2人，黄岛区2人；本岗位要求较高，必须至少有3年以上工作经验。学历要求为国家统招的全日制本科（一本）或研究生。大专、专升本、二本、三本等请勿投，谢谢。   '
                '1、五年以上软件开发经验，  至少精通以下一种开发技术或语言：         '
                'ASP.NET,C#,DHTML,JavaScript  '
                '等以及Web应用系统的开发架构;                  J2EE框架，Java企业应用开发；       '
                '2、具有大型数据库开发经验，熟悉SQL Server或Oracle等大型数据库软件之一        '
                '3、具有良好的书面表达和书写能力；    4、具备英文的阅读能力，口语和听力较好者优先；    '
                '5、具有良好的表达能力和人际沟通能力，良好的团队合作精神。    \n',
 'jobname': '.NET软件开发项目经理',
 'salary': '7-10万',
 'salary_max': '10',
 'salary_min': '7'}
2018-04-03 20:24:20 [scrapy.core.engine] DEBUG: Crawled (200) <GET https://www.liepin.com/job/199709266.shtml> (referer: https://www.liepin.com/zhaopin/?sfrom=click-pc_homepage-centre_searchbox-search_new&d_sfrom=search_fp&key=%20%E8%BD%AF%E4%BB%B6%E5%BC%80%E5%8F%91%20)
2018-04-03 20:24:20 [scrapy.core.engine] DEBUG: Crawled (200) <GET https://www.liepin.com/job/1913237762.shtml> (referer: https://www.liepin.com/zhaopin/?sfrom=click-pc_homepage-centre_searchbox-search_new&d_sfrom=search_fp&key=%20%E8%BD%AF%E4%BB%B6%E5%BC%80%E5%8F%91%20)
2018-04-03 20:24:20 [scrapy.core.engine] DEBUG: Crawled (200) <GET https://www.liepin.com/job/1913237893.shtml> (referer: https://www.liepin.com/zhaopin/?sfrom=click-pc_homepage-centre_searchbox-search_new&d_sfrom=search_fp&key=%20%E8%BD%AF%E4%BB%B6%E5%BC%80%E5%8F%91%20)
2018-04-03 20:24:20 [scrapy.core.engine] DEBUG: Crawled (200) <GET https://www.liepin.com/job/1913236311.shtml> (referer: https://www.liepin.com/zhaopin/?sfrom=click-pc_homepage-centre_searchbox-search_new&d_sfrom=search_fp&key=%20%E8%BD%AF%E4%BB%B6%E5%BC%80%E5%8F%91%20)
2018-04-03 20:24:20 [scrapy.core.engine] DEBUG: Crawled (200) <GET https://www.liepin.com/job/1913237996.shtml> (referer: https://www.liepin.com/zhaopin/?sfrom=click-pc_homepage-centre_searchbox-search_new&d_sfrom=search_fp&key=%20%E8%BD%AF%E4%BB%B6%E5%BC%80%E5%8F%91%20)
2018-04-03 20:24:20 [scrapy.core.engine] DEBUG: Crawled (200) <GET https://www.liepin.com/job/1913237757.shtml> (referer: https://www.liepin.com/zhaopin/?sfrom=click-pc_homepage-centre_searchbox-search_new&d_sfrom=search_fp&key=%20%E8%BD%AF%E4%BB%B6%E5%BC%80%E5%8F%91%20)
2018-04-03 20:24:20 [scrapy.core.engine] DEBUG: Crawled (200) <GET https://www.liepin.com/job/196505358.shtml> (referer: https://www.liepin.com/zhaopin/?sfrom=click-pc_homepage-centre_searchbox-search_new&d_sfrom=search_fp&key=%20%E8%BD%AF%E4%BB%B6%E5%BC%80%E5%8F%91%20)
2018-04-03 20:24:20 [scrapy.core.engine] DEBUG: Crawled (200) <GET https://www.liepin.com/job/1913238129.shtml> (referer: https://www.liepin.com/zhaopin/?sfrom=click-pc_homepage-centre_searchbox-search_new&d_sfrom=search_fp&key=%20%E8%BD%AF%E4%BB%B6%E5%BC%80%E5%8F%91%20)
2018-04-03 20:24:20 [scrapy.core.scraper] DEBUG: Scraped from <200 https://www.liepin.com/job/1911058940.shtml>
{'address': '青岛-黄岛区',
 'company_name': '北京云族佳科技有限公司',
 'company_size': '100-499人',
 'education': '本科及以上',
 'experience': '1年以上',
 'job_require': '职责描述：1、2年以上开发经验，至少参与开发过一个成功的项目;2、熟悉C#语言，熟悉ASP. NET, C# '
                ',DHTML,JavaScript 等以及Web应用系统的开发架构;3、具有大型数据库开发经验，熟悉SQL '
                'Server等大型数据库软件；4、具备英文的阅读能力；\r\n'
                '                            ',
 'jobname': '.NET软件开发工程师（黄岛）',
 'salary': '7-10万',
 'salary_max': '10',
 'salary_min': '7'}
2018-04-03 20:24:20 [scrapy.core.scraper] DEBUG: Scraped from <200 https://www.liepin.com/job/199839465.shtml>
{'address': '青岛',
 'company_name': '北京云族佳科技有限公司',
 'company_size': '100-499人',
 'education': '统招本科',
 'experience': '2年以上',
 'job_require': '市内2人，黄岛区2人。职责描述：1、至少参与开发过一个成功的项目; 2、熟悉C#语言，熟悉ASP. NET, C# '
                ',DHTML,JavaScript 等以及Web应用系统的开发架构;  3、具有大型数据库开发经验，熟悉SQL '
                'Server等大型数据库软件；4、具备英文的阅读能力； \r\n'
                '                            ',
 'jobname': '.NET软件开发工程师',
 'salary': '7-10万',
 'salary_max': '10',
 'salary_min': '7'}
2018-04-03 20:24:20 [scrapy.core.scraper] DEBUG: Scraped from <200 https://www.liepin.com/job/1911059043.shtml>
{'address': '青岛',
 'company_name': '北京云族佳科技有限公司',
 'company_size': '100-499人',
 'education': '本科及以上',
 'experience': '5年以上',
 'job_require': '邀请软件开发的个人或创业团队开展合作，开发业务外包。1、业务范围：Java/J2EE、XML、Struts、Spring、Hibemate软件编程，Oracle、SQLServer等数据库开发；2、创客、小企业主、创业团队或者有意自主创业者；\r\n'
                '                            ',
 'jobname': '软件开发（自由职业者）',
 'salary': '7-10万',
 'salary_max': '10',
 'salary_min': '7'}
2018-04-03 20:24:20 [scrapy.core.scraper] DEBUG: Scraped from <200 https://www.liepin.com/job/199839504.shtml>
{'address': '青岛',
 'company_name': '北京云族佳科技有限公司',
 'company_size': '100-499人',
 'education': '统招本科',
 'experience': '2年以上',
 'job_require': '市内2人，黄岛区2人。职责要求：1、有Java '
                'B/S项目开发经验；2、熟悉Struts、Spring、Hibernate等主流技术；3、熟悉Tomcat、Weblogic等应用服务器；4、熟悉SQL '
                'Server、MySQL、Oracle等数据库系统；5、熟悉javascript，熟悉AJAX，有一定DIV，CSS基础,熟悉LINUX系统；6、有系统框架设计经验者优先考虑； '
                '7、有设计开发大型商业网站设计研发经验者优先考虑。\r\n'
                '                            ',
 'jobname': 'JAVA软件开发工程师',
 'salary': '7-10万',
 'salary_max': '10',
 'salary_min': '7'}
2018-04-03 20:24:20 [scrapy.core.scraper] DEBUG: Scraped from <200 https://www.liepin.com/job/199952570.shtml>
{'address': '青岛-黄岛区',
 'company_name': '北京云族佳科技有限公司',
 'company_size': '100-499人',
 'education': '统招本科',
 'experience': '5年以上',
 'job_require': '岗位职责：   '
                '1、精通Java/J2EE编程、熟悉XML相关技术、熟悉Struts、Spring、Hibemate尤佳，熟练使用Eclipse作为开发工具；     '
                '2、精通Tomcat、Weblogic或Websphere等WEB服务器的配置。；   '
                '3、熟悉Oracle、SQLServer、MySQL、DB2等数据库开发；    '
                '4、熟悉UML语言，并熟练适用RoseTogether等UML工具。\r\n'
                '                            ',
 'jobname': 'JAVA软件开发项目经理（黄岛）',
 'salary': '7-10万',
 'salary_max': '10',
 'salary_min': '7'}
2018-04-03 20:24:20 [scrapy.core.scraper] DEBUG: Scraped from <200 https://www.liepin.com/job/1911058937.shtml>
{'address': '青岛-黄岛区',
 'company_name': '北京云族佳科技有限公司',
 'company_size': '100-499人',
 'education': '本科及以上',
 'experience': '5年以上',
 'job_require': '职位描述公司介绍收藏本岗位要求较高，必须至少有3年以上工作经验。学历要求为国家统招的全日制本科（一本）或研究生。大专、专升本、二本、三本等请勿投，谢谢。1、五年以上软件开发经验，  '
                '至少精通以下一种开发技术或语言：ASP.NET,C#,DHTML,JavaScript  '
                '等以及Web应用系统的开发架构;J2EE框架，Java企业应用开发；2、具有大型数据库开发经验，熟悉SQL '
                'Server或Oracle等大型数据库软件之一；3、具有良好的书面表达和书写能力；4、具备英文的阅读能力，口语和听力较好者优先；5、具有良好的表达能力和人际沟通能力，良好的团队合作精神。\r\n'
                '                            ',
 'jobname': '.NET软件开发项目经理（黄岛）',
 'salary': '7-10万',
 'salary_max': '10',
 'salary_min': '7'}
2018-04-03 20:24:20 [scrapy.core.scraper] DEBUG: Scraped from <200 https://www.liepin.com/job/199709523.shtml>
{'address': '青岛',
 'company_name': '北京云族佳科技有限公司',
 'company_size': '100-499人',
 'education': '本科及以上',
 'experience': '5年以上',
 'job_require': '市内2人，黄岛区2人。岗位职责：   '
                '1、精通Java/J2EE编程、熟悉XML相关技术、熟悉Struts、Spring、Hibemate尤佳，熟练使用Eclipse作为开发工具；     '
                '2、精通Tomcat、Weblogic或Websphere等WEB服务器的配置。；   '
                '3、熟悉Oracle、SQLServer、MySQL、DB2等数据库开发；    '
                '4、熟悉UML语言，并熟练适用RoseTogether等UML工具。\r\n'
                '                            ',
 'jobname': 'JAVA软件开发项目经理',
 'salary': '7-10万',
 'salary_max': '10',
 'salary_min': '7'}
2018-04-03 20:24:20 [scrapy.core.scraper] DEBUG: Scraped from <200 https://www.liepin.com/job/199726859.shtml>
{'address': '青岛',
 'company_name': '北京云族佳科技有限公司',
 'company_size': '100-499人',
 'education': '统招本科',
 'experience': '3年以上',
 'job_require': '注意：市内2人，黄岛区2人。本岗位要求较高，必须至少有3年以上工作经验。学历要求为国家统招的全日制本科（一本）或研究生。   '
                '1、年龄要求：24以上，3年以上工作经验。   2、熟悉数据库开发和维护，有C++或DELPHI开发经验优先。   '
                '3、有较强的自学能力、沟通能力，具备良好的团队协作精神。 \n',
 'jobname': 'C++软件开发工程师',
 'salary': '2-6万',
 'salary_max': '6',
 'salary_min': '2'}
2018-04-03 20:24:20 [scrapy.core.engine] DEBUG: Crawled (200) <GET https://www.liepin.com/job/1913232206.shtml> (referer: https://www.liepin.com/zhaopin/?ckid=feea4e76b491ac8e&fromSearchBtn=2&degradeFlag=0&init=-1&sfrom=click-pc_homepage-centre_searchbox-search_new&key=+%E8%BD%AF%E4%BB%B6%E5%BC%80%E5%8F%91+&headckid=feea4e76b491ac8e&d_pageSize=40&siTag=Dzod3Fii-o4Qagzlj9WJWQ%7EfA9rXquZc5IkJpXC-Ycixw&d_headId=1fd63b582873c75b95772af648d184fa&d_ckId=1fd63b582873c75b95772af648d184fa&d_sfrom=search_fp&d_curPage=0&curPage=1)
2018-04-03 20:24:20 [scrapy.core.engine] DEBUG: Crawled (200) <GET https://www.liepin.com/job/1913231871.shtml> (referer: https://www.liepin.com/zhaopin/?ckid=feea4e76b491ac8e&fromSearchBtn=2&degradeFlag=0&init=-1&sfrom=click-pc_homepage-centre_searchbox-search_new&key=+%E8%BD%AF%E4%BB%B6%E5%BC%80%E5%8F%91+&headckid=feea4e76b491ac8e&d_pageSize=40&siTag=Dzod3Fii-o4Qagzlj9WJWQ%7EfA9rXquZc5IkJpXC-Ycixw&d_headId=1fd63b582873c75b95772af648d184fa&d_ckId=1fd63b582873c75b95772af648d184fa&d_sfrom=search_fp&d_curPage=0&curPage=1)
2018-04-03 20:24:20 [scrapy.core.engine] DEBUG: Crawled (200) <GET https://www.liepin.com/job/1913232711.shtml> (referer: https://www.liepin.com/zhaopin/?ckid=feea4e76b491ac8e&fromSearchBtn=2&degradeFlag=0&init=-1&sfrom=click-pc_homepage-centre_searchbox-search_new&key=+%E8%BD%AF%E4%BB%B6%E5%BC%80%E5%8F%91+&headckid=feea4e76b491ac8e&d_pageSize=40&siTag=Dzod3Fii-o4Qagzlj9WJWQ%7EfA9rXquZc5IkJpXC-Ycixw&d_headId=1fd63b582873c75b95772af648d184fa&d_ckId=1fd63b582873c75b95772af648d184fa&d_sfrom=search_fp&d_curPage=0&curPage=1)
2018-04-03 20:24:20 [scrapy.core.engine] DEBUG: Crawled (200) <GET https://www.liepin.com/job/1913230585.shtml> (referer: https://www.liepin.com/zhaopin/?ckid=feea4e76b491ac8e&fromSearchBtn=2&degradeFlag=0&init=-1&sfrom=click-pc_homepage-centre_searchbox-search_new&key=+%E8%BD%AF%E4%BB%B6%E5%BC%80%E5%8F%91+&headckid=feea4e76b491ac8e&d_pageSize=40&siTag=Dzod3Fii-o4Qagzlj9WJWQ%7EfA9rXquZc5IkJpXC-Ycixw&d_headId=1fd63b582873c75b95772af648d184fa&d_ckId=1fd63b582873c75b95772af648d184fa&d_sfrom=search_fp&d_curPage=0&curPage=1)
2018-04-03 20:24:20 [scrapy.core.engine] DEBUG: Crawled (200) <GET https://www.liepin.com/job/1913231438.shtml> (referer: https://www.liepin.com/zhaopin/?ckid=feea4e76b491ac8e&fromSearchBtn=2&degradeFlag=0&init=-1&sfrom=click-pc_homepage-centre_searchbox-search_new&key=+%E8%BD%AF%E4%BB%B6%E5%BC%80%E5%8F%91+&headckid=feea4e76b491ac8e&d_pageSize=40&siTag=Dzod3Fii-o4Qagzlj9WJWQ%7EfA9rXquZc5IkJpXC-Ycixw&d_headId=1fd63b582873c75b95772af648d184fa&d_ckId=1fd63b582873c75b95772af648d184fa&d_sfrom=search_fp&d_curPage=0&curPage=1)
2018-04-03 20:24:20 [scrapy.core.scraper] DEBUG: Scraped from <200 https://www.liepin.com/job/199709266.shtml>
{'address': '青岛',
 'company_name': '北京云族佳科技有限公司',
 'company_size': '100-499人',
 'education': '本科及以上',
 'experience': '5年以上',
 'job_require': '本岗位邀请JAVA软件开发的个人或创业团队开展合作 '
                '。1、业务范围：Java/J2EE、XML、Struts、Spring、Hibemate软件编程，Oracle、SQLServer等数据库开发；2、创客、小企业主、创业团队或者有意自主创业者；3、有相关领域的创业经历，有创业激情、有恒心、有毅力。\r\n'
                '                            ',
 'jobname': '软件开发（合作）',
 'salary': '5-7万',
 'salary_max': '7',
 'salary_min': '5'}
2018-04-03 20:24:20 [scrapy.core.scraper] DEBUG: Scraped from <200 https://www.liepin.com/job/1913237762.shtml>
{'address': '上海-松江区',
 'company_name': '上海保隆汽车科技股份有限公司',
 'company_size': '2000-5000人',
 'education': '本科及以上',
 'experience': '10年以上',
 'job_require': '岗位职责：1、负责软件需求的整理；2、负责软件概要设计、详细设计的审核；3、负责软件核心代码的设计、开发；4、负责软件开发项目的管理；5、负责部门日常管理。任职资格：1、38周岁以下，10年及以上的软件开发经历，本科及以上学历，计算机相关专业毕业；2、有5年及以上的项目管理经历；3、有3年及以上的团队管理经历；4、有50人以上的软件公司项目管理工作经历的优先考虑；5、有CMMI（软件能力成熟度集成模型）审核经历的优先考虑。\r\n'
                '                            ',
 'jobname': '合肥软件开发部负责人',
 'salary': '17-28万',
 'salary_max': '28',
 'salary_min': '17'}
2018-04-03 20:24:20 [scrapy.core.scraper] DEBUG: Scraped from <200 https://www.liepin.com/job/1913237893.shtml>
{'address': '上海-浦东新区',
 'company_name': '希亚思(上海)信息技术有限公司',
 'company_size': '50-99人',
 'education': '大专及以上',
 'experience': '2年以上',
 'job_require': '1、负责解决项目中所有技术问题；2、独立设计、制作系统的架构、Sample；3、完成部分编码、测试及文档工作；4、协助PM执行并推进项目实施。任职要求：1、大专以上学历，计算机或者理工类相关专业；2、3年以上B/S结构的Java软件开发经验；3、具备HTML和JavaScript经验；4、具备SQL '
                'Server/Oracle数据库经验；5、有FTP上传、下载开发经验尤佳；6、具备较好的文档写作能力；7、较强的团队合作精神，认真负责，并具备良好的职业道德。\n',
 'jobname': 'Java软件开发工程师',
 'salary': '面议',
 'salary_max': 0,
 'salary_min': 0}
2018-04-03 20:24:20 [scrapy.core.scraper] DEBUG: Scraped from <200 https://www.liepin.com/job/1913236311.shtml>
{'address': '北京-顺义区',
 'company_name': '东软集团有限公司',
 'company_size': '500-999人',
 'education': '统招本科',
 'experience': '3年以上',
 'job_require': '职责描述：1、有iOS平台的应用程序开发经验，能够独立开发iOS应用；2、对新技术感兴趣，学习能力强，有钻研和开拓精神；3、工作勤奋主动，有责任，具有良好的沟通能力，团队精神。任职要求：1. '
                '统招本科以上学历，计算机、软件、通讯等相关专业； 2. 3/3.5年以上IOS应用开发经验； 3. '
                '熟悉c/c++、objective-c/Cocoa，有良好的编程习惯； 4. 熟悉mac os '
                'x操作系统和xcode/iphone sdk开发环境； 5. 熟悉XCode,Interface Builder, '
                '熟悉iOS UI控件及iOS事件机制, SQLite； 6. '
                '熟悉无线网络应用开发，精通socket和http网络接口编程, 熟悉iPhone APP客户端/服务端通讯方案； 7. '
                '对数据结构、基本算法熟练掌握，并具备基本的算法设计能力； 8. 有App Store上架作品或相关作品者优先。\r\n'
                '                            ',
 'jobname': 'ios软件开发工程师',
 'salary': '面议',
 'salary_max': 0,
 'salary_min': 0}
2018-04-03 20:24:20 [scrapy.core.scraper] DEBUG: Scraped from <200 https://www.liepin.com/job/1913237996.shtml>
{'address': '北京-顺义区',
 'company_name': '东软集团',
 'company_size': '10000人以上',
 'education': '统招本科',
 'experience': '3年以上',
 'job_require': '任职要求：1. 统招本科以上学历，计算机、软件、通讯等相关专业； 2. 3/3.5年以上IOS应用开发经验； 3. '
                '熟悉c/c++、objective-c/Cocoa，有良好的编程习惯； 4. 熟悉mac os '
                'x操作系统和xcode/iphone sdk开发环境； 5. 熟悉XCode,Interface Builder, '
                '熟悉iOS UI控件及iOS事件机制, SQLite； 6. '
                '熟悉无线网络应用开发，精通socket和http网络接口编程, 熟悉iPhone APP客户端/服务端通讯方案； 7. '
                '对数据结构、基本算法熟练掌握，并具备基本的算法设计能力； 8. 有App Store上架作品或相关作品者优先。\r\n'
                '                            ',
 'jobname': 'ios软件开发工程师',
 'salary': '面议',
 'salary_max': 0,
 'salary_min': 0}
2018-04-03 20:24:21 [scrapy.core.scraper] DEBUG: Scraped from <200 https://www.liepin.com/job/1913237757.shtml>
{'address': '武汉',
 'company_name': '武汉欧亚达商业控股集团有限公司',
 'company_size': '2000-5000人',
 'education': '统招本科',
 'experience': '5年以上',
 'job_require': '一、岗位职责：1. 按照时间要求和质量要求，组织、带领团队完成软件产品及项目研发任务；2. '
                '规划后台系统技术架构，参与需求分析、架构设计、技术决策以及详细设计；3. '
                '带领团队攻克例如大数据量、高并发、高可用等带来的各种挑战及技术难关。；4. 请重视团队的代码质量，同时负责技术文档；5. '
                '制定部门的开发流程、标准及规范，并负责落地；6. 优化现有系统的性能，解决系统中的关键问题和技术难题；7. '
                '把握复杂系统的设计，确保系统的架构质量，核心部分代码编写、指导和培训工程师、不断进行系统优化；8. '
                '完成公司上级交办的其他工作；二、任职资格：1. '
                '本科及以上学历，工作年限5年以上，3年以上产品研发及架构设计相关经验，独立负责过一个以上的产品研发或两个以上产品核心架构设计工作，JAVA和PHP的实际开发经验都不少于3年，条件优秀者学历可放宽；2. '
                'JAVA基础扎实：熟练掌握数据结构、多线程编程，掌握常用的设计模式；熟悉JVM，包括内存模型、类加载机制以及性能优化； '
                '3. 精通HTTP编程，精通spring springCloud  '
                'mvc、orm框架（ibatis或hibernate），熟悉前端开发（js、html、css）；4. '
                '有大型业务系统的架构设计和实施能力，熟悉企业软件设计模式优先，能解决实际架构问题；5. '
                '担任开发管理岗位2年以上，具备较好的团队管理能力（核心）；6. 要有产品经理思维，要有用户体验至上思维（核心）;7. '
                '熟练掌握PHP面向对象的设计方法，及常用的设计模式，熟悉Laravel，TP5等PHP架构；8. '
                '熟悉mysql，掌握mysql分区、分表、集群等相关设计方案，具备mysql优化经验；9. '
                '熟练掌握SVN、Git等常见工具的使用；10. 熟练掌握小程序和公众号开发；11. '
                '熟悉流行的前端框架，比如Angular、Bootstrap、React JS等；12. 英文技术文档阅读能力强;13. '
                '有财务知识背景（加分项目）;14. 技术视野开阔，学习和抗压能力好，有很强的分析和解决复杂问题的能力;\n',
 'jobname': '软件开发部长(JAVA&PHP)',
 'salary': '12-22万',
 'salary_max': '22',
 'salary_min': '12'}
2018-04-03 20:24:21 [scrapy.core.scraper] DEBUG: Scraped from <200 https://www.liepin.com/job/196505358.shtml>
{'address': '深圳-南山区',
 'company_name': '小墨机器人',
 'company_size': '1-49人',
 'education': '本科及以上',
 'experience': '3年以上',
 'job_require': '岗位职责：1、参与公司新产品设计及研发；2、基于Open '
                'WRT平台开发机器人应用，负责嵌入式应用软件设计、移植、代码实现和调试；3、按项目管理规范的要求编制相关技术文档。任职要求：1、计算机、电子、通信、自动化等相关专业，本科及以上学历；2、2年及以上嵌入式软件开发工作经验；3、熟悉C, '
                'C++，熟悉常用数据结构、常用算法，有较强的逻辑思维和分析能力；4、熟悉Linux下应用开发及调试；5、熟练运用Matlab者优先；6、熟悉Zigbee通信协议，有Zigbee设备开发经验者优先；能力优秀者薪资可另议\r\n'
                '                            ',
 'jobname': '嵌入式软件开发工程师',
 'salary': '12-18万',
 'salary_max': '18',
 'salary_min': '12'}
2018-04-03 20:24:21 [scrapy.core.scraper] DEBUG: Scraped from <200 https://www.liepin.com/job/1913238129.shtml>
{'address': '北京',
 'company_name': '汇中利通',
 'company_size': '5000-10000人',
 'education': '学历不限',
 'experience': '5年以上',
 'job_require': '职责描述：1、 负责基础类库和业务核心代码的设计和开发工作；2、 '
                '理解业务需求，进行软件概要设计和详细设计工作，并进行相关文档的编写工作；3、 参与软件的技术架构和技术评审工作；4、 '
                '带领初中级程序员完成项目的开发目标；5、 负责项目工作量的评估，工作任务的拆解和分配；6、 '
                '对初中级程序员进行代码走查，同时对其进行技术指导。任职要求：1、 '
                '5年以上Java平台的开发经验，有开发组长经验者优先；2、 '
                '熟悉js、jquery、ajax，了解或使用过html5，bootstrap，了解js插件开发技术者优先；3、 '
                '熟悉常用的设计模式，能够将其运用到实际代码的设计和开发工作中者优先；4、 '
                '熟练使用svn，maven，ant等版本控制和打包部署工具；5、 '
                '熟悉strusts、mybatis、spring技术中至少2种；6、 '
                '熟悉基本的linux操作系统指令，熟悉tomcat、ngnix等开源中间件技术；7、 '
                '熟悉webservice，mq，了解和熟悉Nosql、分布式、缓存技术者优先；8、 '
                '了解SOA和SCA架构，了解BPM、ESB技术者优先；9、 '
                '拥有权限系统（RBAC）及其相关开发经验者优先；10、金融和电商经验优先。\r\n'
                '                            ',
 'jobname': '高级软件开发工程师',
 'salary': '24-36万',
 'salary_max': '36',
 'salary_min': '24'}
2018-04-03 20:24:21 [scrapy.core.engine] DEBUG: Crawled (200) <GET https://www.liepin.com/job/1913232405.shtml> (referer: https://www.liepin.com/zhaopin/?ckid=feea4e76b491ac8e&fromSearchBtn=2&degradeFlag=0&init=-1&sfrom=click-pc_homepage-centre_searchbox-search_new&key=+%E8%BD%AF%E4%BB%B6%E5%BC%80%E5%8F%91+&headckid=feea4e76b491ac8e&d_pageSize=40&siTag=Dzod3Fii-o4Qagzlj9WJWQ%7EfA9rXquZc5IkJpXC-Ycixw&d_headId=1fd63b582873c75b95772af648d184fa&d_ckId=1fd63b582873c75b95772af648d184fa&d_sfrom=search_fp&d_curPage=0&curPage=1)
2018-04-03 20:24:21 [scrapy.core.engine] DEBUG: Crawled (200) <GET https://www.liepin.com/zhaopin/?ckid=feea4e76b491ac8e&fromSearchBtn=2&init=-1&sfrom=click-pc_homepage-centre_searchbox-search_new&degradeFlag=0&key=+%E8%BD%AF%E4%BB%B6%E5%BC%80%E5%8F%91+&headckid=feea4e76b491ac8e&d_pageSize=40&siTag=Dzod3Fii-o4Qagzlj9WJWQ%7EfA9rXquZc5IkJpXC-Ycixw&d_headId=1fd63b582873c75b95772af648d184fa&d_ckId=1fd63b582873c75b95772af648d184fa&d_sfrom=search_fp&d_curPage=1&curPage=2> (referer: https://www.liepin.com/zhaopin/?ckid=feea4e76b491ac8e&fromSearchBtn=2&degradeFlag=0&init=-1&sfrom=click-pc_homepage-centre_searchbox-search_new&key=+%E8%BD%AF%E4%BB%B6%E5%BC%80%E5%8F%91+&headckid=feea4e76b491ac8e&d_pageSize=40&siTag=Dzod3Fii-o4Qagzlj9WJWQ%7EfA9rXquZc5IkJpXC-Ycixw&d_headId=1fd63b582873c75b95772af648d184fa&d_ckId=1fd63b582873c75b95772af648d184fa&d_sfrom=search_fp&d_curPage=0&curPage=1)
2018-04-03 20:24:21 [scrapy.core.engine] DEBUG: Crawled (200) <GET https://www.liepin.com/job/1913229461.shtml> (referer: https://www.liepin.com/zhaopin/?ckid=feea4e76b491ac8e&fromSearchBtn=2&degradeFlag=0&init=-1&sfrom=click-pc_homepage-centre_searchbox-search_new&key=+%E8%BD%AF%E4%BB%B6%E5%BC%80%E5%8F%91+&headckid=feea4e76b491ac8e&d_pageSize=40&siTag=Dzod3Fii-o4Qagzlj9WJWQ%7EfA9rXquZc5IkJpXC-Ycixw&d_headId=1fd63b582873c75b95772af648d184fa&d_ckId=1fd63b582873c75b95772af648d184fa&d_sfrom=search_fp&d_curPage=0&curPage=1)
2018-04-03 20:24:21 [scrapy.core.scraper] ERROR: Spider error processing <GET https://www.liepin.com/job/1913232206.shtml> (referer: https://www.liepin.com/zhaopin/?ckid=feea4e76b491ac8e&fromSearchBtn=2&degradeFlag=0&init=-1&sfrom=click-pc_homepage-centre_searchbox-search_new&key=+%E8%BD%AF%E4%BB%B6%E5%BC%80%E5%8F%91+&headckid=feea4e76b491ac8e&d_pageSize=40&siTag=Dzod3Fii-o4Qagzlj9WJWQ%7EfA9rXquZc5IkJpXC-Ycixw&d_headId=1fd63b582873c75b95772af648d184fa&d_ckId=1fd63b582873c75b95772af648d184fa&d_sfrom=search_fp&d_curPage=0&curPage=1)
Traceback (most recent call last):
  File "d:\program files\python36\lib\site-packages\scrapy\utils\defer.py", line 102, in iter_errback
    yield next(it)
  File "d:\program files\python36\lib\site-packages\scrapy\spidermiddlewares\offsite.py", line 30, in process_spider_output
    for x in result:
  File "d:\program files\python36\lib\site-packages\scrapy\spidermiddlewares\referer.py", line 339, in <genexpr>
    return (_set_referer(r) for r in result or ())
  File "d:\program files\python36\lib\site-packages\scrapy\spidermiddlewares\urllength.py", line 37, in <genexpr>
    return (r for r in result or () if _filter(r))
  File "d:\program files\python36\lib\site-packages\scrapy\spidermiddlewares\depth.py", line 58, in <genexpr>
    return (r for r in result or () if _filter(r))
  File "E:\liqi\桌面\毕业设计\jobSpider\liepin\liepin\spiders\JobDetailSpider.py", line 55, in parse
    "/html//div[@class='job-title-left']/p[@class='basic-infor']/span[1]/a/text()").extract_first().strip()
AttributeError: 'NoneType' object has no attribute 'strip'
2018-04-03 20:24:21 [scrapy.core.scraper] ERROR: Spider error processing <GET https://www.liepin.com/job/1913231871.shtml> (referer: https://www.liepin.com/zhaopin/?ckid=feea4e76b491ac8e&fromSearchBtn=2&degradeFlag=0&init=-1&sfrom=click-pc_homepage-centre_searchbox-search_new&key=+%E8%BD%AF%E4%BB%B6%E5%BC%80%E5%8F%91+&headckid=feea4e76b491ac8e&d_pageSize=40&siTag=Dzod3Fii-o4Qagzlj9WJWQ%7EfA9rXquZc5IkJpXC-Ycixw&d_headId=1fd63b582873c75b95772af648d184fa&d_ckId=1fd63b582873c75b95772af648d184fa&d_sfrom=search_fp&d_curPage=0&curPage=1)
Traceback (most recent call last):
  File "d:\program files\python36\lib\site-packages\scrapy\utils\defer.py", line 102, in iter_errback
    yield next(it)
  File "d:\program files\python36\lib\site-packages\scrapy\spidermiddlewares\offsite.py", line 30, in process_spider_output
    for x in result:
  File "d:\program files\python36\lib\site-packages\scrapy\spidermiddlewares\referer.py", line 339, in <genexpr>
    return (_set_referer(r) for r in result or ())
  File "d:\program files\python36\lib\site-packages\scrapy\spidermiddlewares\urllength.py", line 37, in <genexpr>
    return (r for r in result or () if _filter(r))
  File "d:\program files\python36\lib\site-packages\scrapy\spidermiddlewares\depth.py", line 58, in <genexpr>
    return (r for r in result or () if _filter(r))
  File "E:\liqi\桌面\毕业设计\jobSpider\liepin\liepin\spiders\JobDetailSpider.py", line 55, in parse
    "/html//div[@class='job-title-left']/p[@class='basic-infor']/span[1]/a/text()").extract_first().strip()
AttributeError: 'NoneType' object has no attribute 'strip'
2018-04-03 20:24:21 [scrapy.core.scraper] DEBUG: Scraped from <200 https://www.liepin.com/job/1913232711.shtml>
{'address': '南京',
 'company_name': '神州数码信息服务股份有限公司',
 'company_size': '5000-10000人',
 'education': '本科及以上',
 'experience': '3年以上',
 'job_require': '1.3年以上Java开发经验，熟练掌握spring/ibatis等主流框架，1年以上银行业务系统开发经验；2. '
                '熟悉J2EE系统框架和JAVA开发语言，能够熟练使用Eclipse开发工具；熟练掌握XML、HTML、Javascript技术；3. '
                '熟悉OARCLE、Mysql等主流数据库4. 具有强烈的责任感，良好的沟通和表达能力，优秀的抗压能力。5. '
                '熟悉银行相关业务，有中间业务或者ESB相关工作经验有限。职位要求：1.3年以上Java开发经验，熟练掌握spring/ibatis等主流框架，2年以上银行业务系统开发经验；2. '
                '熟悉J2EE系统框架和JAVA开发语言，能够熟练使用Eclipse开发工具；熟练掌握XML、HTML、Javascript技术；3. '
                '熟悉OARCLE、Mysql等主流数据库4. 具有强烈的责任感，良好的沟通和表达能力，优秀的抗压能力。5. '
                '熟悉银行相关业务，有中间业务或者ESB相关工作经验有限。\r\n'
                '                            ',
 'jobname': 'ios软件开发工程师',
 'salary': '面议',
 'salary_max': 0,
 'salary_min': 0}
2018-04-03 20:24:21 [scrapy.core.scraper] DEBUG: Scraped from <200 https://www.liepin.com/job/1913230585.shtml>
{'address': '杭州-西湖区',
 'company_name': '杭州蜜聚网络科技有限公司',
 'company_size': '100-499人',
 'education': '大专及以上',
 'experience': '5年以上',
 'job_require': '职责描述：1、完成基于阿里、京东等电商平台产品的数据库架构设计、模块设计和开发工作；2、参与大数据营销项目需求分析与系统设计，确保所开发软件系统代码的实现，并编写代码注释和开发文档；3、辅助进行系统的功能定义,程序设计；4、主导完成代码编写，调试，测试和维护，确保系统稳定性；5、分析并解决软件开发过程中的问题；6、配合项目经理完成相关任务目标。 '
                '任职要求：1、充分了解阿里巴巴、阿里妈妈、京东所有数据接口，熟悉网店第三方相关软件的开发及应用；2、熟练掌握c.c++.java.php语言的编写（须精通其中之一），了解主流的框架、库使用和原理；3、熟悉集成开发环境的搭建和配置，熟悉主流开源框架；4、熟悉应用服务器的安装、调试、配置及使用；5、具备需求分析和系统设计能力、以及较强的逻辑分析和独立解决问题能力；6、5年以上软件开发经验；具有团队管理经验、电商产品开发经验者优先考虑\r\n'
                '                            ',
 'jobname': '大数据软件开发工程师（杭州）',
 'salary': '22-29万',
 'salary_max': '29',
 'salary_min': '22'}
2018-04-03 20:24:21 [scrapy.core.scraper] DEBUG: Scraped from <200 https://www.liepin.com/job/1913231438.shtml>
{'address': '成都',
 'company_name': '成都畅通机车车辆技术开发有限公司',
 'company_size': '100-499人',
 'education': '本科及以上',
 'experience': '1年以上',
 'job_require': '职责描述：1.根据项目具体要求，承担开发任务，按计划完成任务目标； '
                '2.参与项目的需求分析工作，明确软件开发需求，选择适宜的开发平台及开发工具；  '
                '3.配合项目工程师编制软件设计方案，评审通过后编制软件代码； '
                '4.对开发的软件进行严格的综合测试，设计软件测试模块及测试大纲，进行软件故障的诊断、定位、分析和调试，使之满足产品设计需求； '
                '5.负责输出软件设计开发文件并归档； 6.负责软件开发过程中与用户的技术沟通，确保软件开发满足客户需求； '
                '7.负责不同设计人员间的设计的审查，验证工作； 8.部门安排的其他工作任务。 '
                '任职要求：1.软件、电子等相关专业的学士及以上学历，有较好的计算机硬、软件知识；2.熟悉C++、Linux平台应用软件及驱动开发流程，能看懂硬件原理图，有较强的硬件分析能力；3.掌握嵌入式linux各种接口的底层驱动开发，能通过原理图和芯片手册，开发出稳定的驱动程序；4.熟悉嵌入式系统linux等，熟悉嵌入式系统的内核移植，裁剪与定制者优先，5.具有QT编程，UI界面开发及维护等开发经验者 \r\n'
                '                            ',
 'jobname': 'Linux软件开发工程师',
 'salary': '7-10万',
 'salary_max': '10',
 'salary_min': '7'}
2018-04-03 20:24:21 [scrapy.core.engine] DEBUG: Crawled (200) <GET https://www.liepin.com/job/1913228172.shtml> (referer: https://www.liepin.com/zhaopin/?ckid=feea4e76b491ac8e&fromSearchBtn=2&degradeFlag=0&init=-1&sfrom=click-pc_homepage-centre_searchbox-search_new&key=+%E8%BD%AF%E4%BB%B6%E5%BC%80%E5%8F%91+&headckid=feea4e76b491ac8e&d_pageSize=40&siTag=Dzod3Fii-o4Qagzlj9WJWQ%7EfA9rXquZc5IkJpXC-Ycixw&d_headId=1fd63b582873c75b95772af648d184fa&d_ckId=1fd63b582873c75b95772af648d184fa&d_sfrom=search_fp&d_curPage=0&curPage=1)
2018-04-03 20:24:21 [scrapy.core.scraper] DEBUG: Scraped from <200 https://www.liepin.com/job/1913232405.shtml>
{'address': '上海',
 'company_name': '玖行能源',
 'company_size': '50-99人',
 'education': '本科及以上',
 'experience': '3年以上',
 'job_require': '职责描述：1、负责完成基于PLC、C语言的运动控制应用（如机器人）；2、开发通用运动控制器相关的插补、速度规划算法；3、开发行业应用算法；4、开发PLCOpen '
                'Part1/2/4接口；5、开发移植基于ARM的Linux实时操作系统平台。任职要求：1、测控技术、软件工程、计算机等相关专业，本科及以上学历；2、掌握C/C++语言，了解EtherCAT、Powerlink等实时以太网和其他现场总线技术；3、熟悉PLCopen和常见的运动控制、PLC平台（如贝加莱、倍福、西门子等）等；4、熟悉嵌入式linux或Vxworks开发人员；5、熟悉Kw软件平台、有数控、机器人及其他场合开发或应用经验者优先。 '
                '6、熟悉中、低压电力系统运行原理，了解工业自动化的相关知识；7、工业自动化、智能控制与制造企业软件开发经验者优先，3年以上新能源充换电项目经验者优先。\xa0\r\n'
                '                            ',
 'jobname': '软件开发工程师',
 'salary': '11-22万',
 'salary_max': '22',
 'salary_min': '11'}
2018-04-03 20:24:21 [scrapy.core.scraper] DEBUG: Scraped from <200 https://www.liepin.com/job/1913229461.shtml>
{'address': '上海',
 'company_name': 'Heal Force',
 'company_size': '1000-2000人',
 'education': '大专及以上',
 'experience': '2年以上',
 'job_require': '工作职责： 负责公司新产品开发与试制工作。 单片机及嵌入式产品的开发设计工作。 应聘人员要求： '
                '1）电子、自动化、计算机等相关专业，本科或以上学历。 2）2年以上相关工作经验，具有医疗设备、生命科学仪器研发经验者优先； '
                '3）具备独立软件开发能力，熟悉单片机/嵌入式系统及电路； '
                '熟悉软件可靠性设计、总线设计（CAN）、算法设计（PID）或其一者优先。 4）良好的英语阅读/翻译能力。 '
                '5）责任心强，具有团队协作精神和创新意识。 \n',
 'jobname': '嵌入式软件开发工程师',
 'salary': '10-14万',
 'salary_max': '14',
 'salary_min': '10'}
2018-04-03 20:24:21 [scrapy.core.engine] DEBUG: Crawled (200) <GET https://www.liepin.com/job/1912818680.shtml> (referer: https://www.liepin.com/zhaopin/?ckid=feea4e76b491ac8e&fromSearchBtn=2&degradeFlag=0&init=-1&sfrom=click-pc_homepage-centre_searchbox-search_new&key=+%E8%BD%AF%E4%BB%B6%E5%BC%80%E5%8F%91+&headckid=feea4e76b491ac8e&d_pageSize=40&siTag=Dzod3Fii-o4Qagzlj9WJWQ%7EfA9rXquZc5IkJpXC-Ycixw&d_headId=1fd63b582873c75b95772af648d184fa&d_ckId=1fd63b582873c75b95772af648d184fa&d_sfrom=search_fp&d_curPage=0&curPage=1)
2018-04-03 20:24:21 [scrapy.core.scraper] DEBUG: Scraped from <200 https://www.liepin.com/job/1913228172.shtml>
{'address': '福州',
 'company_name': '星网锐捷',
 'company_size': '5000-10000人',
 'education': '统招本科',
 'experience': '1年以上',
 'job_require': '职责描述：1.负按照需求文档进行pos应用开发； '
                '2.负责嵌入式软件开发和维护，联调；任职要求：1.本科毕业，计算机及自动化相关专业2.2年以上C/C++嵌入式应用开发经验； '
                '3.熟练掌握AVR,ARM等架构； 4.Pos应用开发相关经验者优先考虑 ；5.有嵌入式软件开发经验者优先考虑； '
                '6.具备良好编程风格与习惯； 7.沟通能力良好。\r\n'
                '                            ',
 'jobname': '嵌入式软件开发工程师',
 'salary': '8-16万',
 'salary_max': '16',
 'salary_min': '8'}
2018-04-03 20:24:21 [scrapy.core.engine] DEBUG: Crawled (200) <GET https://www.liepin.com/job/1913229979.shtml> (referer: https://www.liepin.com/zhaopin/?ckid=feea4e76b491ac8e&fromSearchBtn=2&degradeFlag=0&init=-1&sfrom=click-pc_homepage-centre_searchbox-search_new&key=+%E8%BD%AF%E4%BB%B6%E5%BC%80%E5%8F%91+&headckid=feea4e76b491ac8e&d_pageSize=40&siTag=Dzod3Fii-o4Qagzlj9WJWQ%7EfA9rXquZc5IkJpXC-Ycixw&d_headId=1fd63b582873c75b95772af648d184fa&d_ckId=1fd63b582873c75b95772af648d184fa&d_sfrom=search_fp&d_curPage=0&curPage=1)
2018-04-03 20:24:21 [scrapy.crawler] INFO: Received SIGINT, shutting down gracefully. Send again to force 
2018-04-03 20:24:21 [scrapy.core.engine] DEBUG: Crawled (200) <GET https://www.liepin.com/job/1913229980.shtml> (referer: https://www.liepin.com/zhaopin/?ckid=feea4e76b491ac8e&fromSearchBtn=2&degradeFlag=0&init=-1&sfrom=click-pc_homepage-centre_searchbox-search_new&key=+%E8%BD%AF%E4%BB%B6%E5%BC%80%E5%8F%91+&headckid=feea4e76b491ac8e&d_pageSize=40&siTag=Dzod3Fii-o4Qagzlj9WJWQ%7EfA9rXquZc5IkJpXC-Ycixw&d_headId=1fd63b582873c75b95772af648d184fa&d_ckId=1fd63b582873c75b95772af648d184fa&d_sfrom=search_fp&d_curPage=0&curPage=1)
2018-04-03 20:24:21 [scrapy.core.engine] DEBUG: Crawled (200) <GET https://www.liepin.com/job/1913228156.shtml> (referer: https://www.liepin.com/zhaopin/?ckid=feea4e76b491ac8e&fromSearchBtn=2&degradeFlag=0&init=-1&sfrom=click-pc_homepage-centre_searchbox-search_new&key=+%E8%BD%AF%E4%BB%B6%E5%BC%80%E5%8F%91+&headckid=feea4e76b491ac8e&d_pageSize=40&siTag=Dzod3Fii-o4Qagzlj9WJWQ%7EfA9rXquZc5IkJpXC-Ycixw&d_headId=1fd63b582873c75b95772af648d184fa&d_ckId=1fd63b582873c75b95772af648d184fa&d_sfrom=search_fp&d_curPage=0&curPage=1)
2018-04-03 20:24:21 [scrapy.core.engine] DEBUG: Crawled (200) <GET https://www.liepin.com/job/199551333.shtml> (referer: https://www.liepin.com/zhaopin/?ckid=feea4e76b491ac8e&fromSearchBtn=2&degradeFlag=0&init=-1&sfrom=click-pc_homepage-centre_searchbox-search_new&key=+%E8%BD%AF%E4%BB%B6%E5%BC%80%E5%8F%91+&headckid=feea4e76b491ac8e&d_pageSize=40&siTag=Dzod3Fii-o4Qagzlj9WJWQ%7EfA9rXquZc5IkJpXC-Ycixw&d_headId=1fd63b582873c75b95772af648d184fa&d_ckId=1fd63b582873c75b95772af648d184fa&d_sfrom=search_fp&d_curPage=0&curPage=1)
2018-04-03 20:24:21 [scrapy.core.engine] INFO: Closing spider (shutdown)
2018-04-03 20:24:21 [scrapy.core.engine] DEBUG: Crawled (200) <GET https://www.liepin.com/job/194901721.shtml> (referer: https://www.liepin.com/zhaopin/?ckid=feea4e76b491ac8e&fromSearchBtn=2&degradeFlag=0&init=-1&sfrom=click-pc_homepage-centre_searchbox-search_new&key=+%E8%BD%AF%E4%BB%B6%E5%BC%80%E5%8F%91+&headckid=feea4e76b491ac8e&d_pageSize=40&siTag=Dzod3Fii-o4Qagzlj9WJWQ%7EfA9rXquZc5IkJpXC-Ycixw&d_headId=1fd63b582873c75b95772af648d184fa&d_ckId=1fd63b582873c75b95772af648d184fa&d_sfrom=search_fp&d_curPage=0&curPage=1)
2018-04-03 20:24:21 [scrapy.core.engine] DEBUG: Crawled (200) <GET https://www.liepin.com/job/1912675434.shtml> (referer: https://www.liepin.com/zhaopin/?ckid=feea4e76b491ac8e&fromSearchBtn=2&degradeFlag=0&init=-1&sfrom=click-pc_homepage-centre_searchbox-search_new&key=+%E8%BD%AF%E4%BB%B6%E5%BC%80%E5%8F%91+&headckid=feea4e76b491ac8e&d_pageSize=40&siTag=Dzod3Fii-o4Qagzlj9WJWQ%7EfA9rXquZc5IkJpXC-Ycixw&d_headId=1fd63b582873c75b95772af648d184fa&d_ckId=1fd63b582873c75b95772af648d184fa&d_sfrom=search_fp&d_curPage=0&curPage=1)
2018-04-03 20:24:21 [scrapy.core.engine] DEBUG: Crawled (200) <GET https://www.liepin.com/job/1913227788.shtml> (referer: https://www.liepin.com/zhaopin/?ckid=feea4e76b491ac8e&fromSearchBtn=2&degradeFlag=0&init=-1&sfrom=click-pc_homepage-centre_searchbox-search_new&key=+%E8%BD%AF%E4%BB%B6%E5%BC%80%E5%8F%91+&headckid=feea4e76b491ac8e&d_pageSize=40&siTag=Dzod3Fii-o4Qagzlj9WJWQ%7EfA9rXquZc5IkJpXC-Ycixw&d_headId=1fd63b582873c75b95772af648d184fa&d_ckId=1fd63b582873c75b95772af648d184fa&d_sfrom=search_fp&d_curPage=0&curPage=1)
2018-04-03 20:24:21 [scrapy.core.engine] DEBUG: Crawled (200) <GET https://www.liepin.com/job/193946951.shtml> (referer: https://www.liepin.com/zhaopin/?ckid=feea4e76b491ac8e&fromSearchBtn=2&degradeFlag=0&init=-1&sfrom=click-pc_homepage-centre_searchbox-search_new&key=+%E8%BD%AF%E4%BB%B6%E5%BC%80%E5%8F%91+&headckid=feea4e76b491ac8e&d_pageSize=40&siTag=Dzod3Fii-o4Qagzlj9WJWQ%7EfA9rXquZc5IkJpXC-Ycixw&d_headId=1fd63b582873c75b95772af648d184fa&d_ckId=1fd63b582873c75b95772af648d184fa&d_sfrom=search_fp&d_curPage=0&curPage=1)
2018-04-03 20:24:21 [scrapy.core.scraper] DEBUG: Scraped from <200 https://www.liepin.com/job/1912818680.shtml>
{'address': '武汉-洪山区',
 'company_name': '武汉爱融科技有限公司',
 'company_size': '1-49人',
 'education': '统招本科',
 'experience': '3年以上',
 'job_require': '直接职责：1、熟悉软件开发流程；2、负责与需求人员接口，熟悉项目的需求规划说明；3、负责与项目负责人接口，熟悉项目的开发计划，及项目的概要设计说明数据库设计；4、按计划完成功能模块的功能设计、代码实现, '
                '代码编写和单元测试；5、完成相关系统相关功能模块的BUG修复；6、根据项目要求，判断是否需要完成《详细设计说明书》的编写；7、严格遵守相关开发工具的编码规范；8、参与需求和设计讨论，对项目开发各个环节进行签字确认；9、为前端技服人员提供技术支持，解决技服过程中遇到的相关问题；工作权限：1、对公司软件系统项目建设有建议权；2、对项目实施过程中出现的风险有自我评估权；3、对重大技术措施和技术方案，有建议权；4、项目发展出现不能解决的问题的时候，可以向上级申请协作权。5、对本部职责范围内的工作有管理权；管辖范围：针对项目及软件开发中得框架设计,功能实现及项目经理授权的范畴。工作标准（或要求）：1、与其他员工合作开发，共同进行产品的开发、维护以及测试；2、产品编写、设计要对项目经理负责；3、完成功能模块的编码设计，单元测试和BUG修复；对自己的功能模块的质量自检；4、参与其它编写结果的交叉检测；5、为前端技服人员提供技术支持，解决技服过程中遇到的相关问题。入职要求：1、计算机或相关专业专科以上学历；2、精通Java '
                ',编程语言,具备良好的编程风格；3、熟悉TCP/IP协议,能熟练进行软件界面开发以及维护升级；4、精通网络编程,能够进行多线程开发,有实时监控系统开发经验者优先5、熟悉SQL '
                'Server和mysql等数据库技术；熟悉Linux系统下的应用部署。6、具备相关行业知识或实践经验；较强的客户服务意识；7、具备项目开发和管理经验,能良好地掌握开发速度和质量；\r\n'
                '                            ',
 'jobname': '高级软件开发工程师',
 'salary': '8-16万',
 'salary_max': '16',
 'salary_min': '8'}
2018-04-03 20:24:21 [scrapy.core.engine] DEBUG: Crawled (200) <GET https://www.liepin.com/job/1913221892.shtml> (referer: https://www.liepin.com/zhaopin/?ckid=feea4e76b491ac8e&fromSearchBtn=2&degradeFlag=0&init=-1&sfrom=click-pc_homepage-centre_searchbox-search_new&key=+%E8%BD%AF%E4%BB%B6%E5%BC%80%E5%8F%91+&headckid=feea4e76b491ac8e&d_pageSize=40&siTag=Dzod3Fii-o4Qagzlj9WJWQ%7EfA9rXquZc5IkJpXC-Ycixw&d_headId=1fd63b582873c75b95772af648d184fa&d_ckId=1fd63b582873c75b95772af648d184fa&d_sfrom=search_fp&d_curPage=0&curPage=1)
2018-04-03 20:24:21 [scrapy.core.engine] DEBUG: Crawled (200) <GET https://www.liepin.com/job/196803145.shtml> (referer: https://www.liepin.com/zhaopin/?ckid=feea4e76b491ac8e&fromSearchBtn=2&degradeFlag=0&init=-1&sfrom=click-pc_homepage-centre_searchbox-search_new&key=+%E8%BD%AF%E4%BB%B6%E5%BC%80%E5%8F%91+&headckid=feea4e76b491ac8e&d_pageSize=40&siTag=Dzod3Fii-o4Qagzlj9WJWQ%7EfA9rXquZc5IkJpXC-Ycixw&d_headId=1fd63b582873c75b95772af648d184fa&d_ckId=1fd63b582873c75b95772af648d184fa&d_sfrom=search_fp&d_curPage=0&curPage=1)
2018-04-03 20:24:21 [scrapy.core.engine] DEBUG: Crawled (200) <GET https://www.liepin.com/job/1913226415.shtml> (referer: https://www.liepin.com/zhaopin/?ckid=feea4e76b491ac8e&fromSearchBtn=2&degradeFlag=0&init=-1&sfrom=click-pc_homepage-centre_searchbox-search_new&key=+%E8%BD%AF%E4%BB%B6%E5%BC%80%E5%8F%91+&headckid=feea4e76b491ac8e&d_pageSize=40&siTag=Dzod3Fii-o4Qagzlj9WJWQ%7EfA9rXquZc5IkJpXC-Ycixw&d_headId=1fd63b582873c75b95772af648d184fa&d_ckId=1fd63b582873c75b95772af648d184fa&d_sfrom=search_fp&d_curPage=0&curPage=1)
2018-04-03 20:24:21 [scrapy.core.engine] DEBUG: Crawled (200) <GET https://www.liepin.com/job/195886362.shtml> (referer: https://www.liepin.com/zhaopin/?ckid=feea4e76b491ac8e&fromSearchBtn=2&degradeFlag=0&init=-1&sfrom=click-pc_homepage-centre_searchbox-search_new&key=+%E8%BD%AF%E4%BB%B6%E5%BC%80%E5%8F%91+&headckid=feea4e76b491ac8e&d_pageSize=40&siTag=Dzod3Fii-o4Qagzlj9WJWQ%7EfA9rXquZc5IkJpXC-Ycixw&d_headId=1fd63b582873c75b95772af648d184fa&d_ckId=1fd63b582873c75b95772af648d184fa&d_sfrom=search_fp&d_curPage=0&curPage=1)
2018-04-03 20:24:21 [scrapy.core.engine] DEBUG: Crawled (200) <GET https://www.liepin.com/job/1913227805.shtml> (referer: https://www.liepin.com/zhaopin/?ckid=feea4e76b491ac8e&fromSearchBtn=2&degradeFlag=0&init=-1&sfrom=click-pc_homepage-centre_searchbox-search_new&key=+%E8%BD%AF%E4%BB%B6%E5%BC%80%E5%8F%91+&headckid=feea4e76b491ac8e&d_pageSize=40&siTag=Dzod3Fii-o4Qagzlj9WJWQ%7EfA9rXquZc5IkJpXC-Ycixw&d_headId=1fd63b582873c75b95772af648d184fa&d_ckId=1fd63b582873c75b95772af648d184fa&d_sfrom=search_fp&d_curPage=0&curPage=1)
2018-04-03 20:24:21 [scrapy.core.engine] DEBUG: Crawled (200) <GET https://www.liepin.com/job/1913058144.shtml> (referer: https://www.liepin.com/zhaopin/?ckid=feea4e76b491ac8e&fromSearchBtn=2&degradeFlag=0&init=-1&sfrom=click-pc_homepage-centre_searchbox-search_new&key=+%E8%BD%AF%E4%BB%B6%E5%BC%80%E5%8F%91+&headckid=feea4e76b491ac8e&d_pageSize=40&siTag=Dzod3Fii-o4Qagzlj9WJWQ%7EfA9rXquZc5IkJpXC-Ycixw&d_headId=1fd63b582873c75b95772af648d184fa&d_ckId=1fd63b582873c75b95772af648d184fa&d_sfrom=search_fp&d_curPage=0&curPage=1)
2018-04-03 20:24:21 [scrapy.core.scraper] DEBUG: Scraped from <200 https://www.liepin.com/job/1913229979.shtml>
{'address': '东莞',
 'company_name': '维沃移动通信有限公司(vivo智能手机)',
 'company_size': '10000人以上',
 'education': '统招本科',
 'experience': '3年以上',
 'job_require': '岗位职责:主要负责BPM客户端开发与运维任职资格:1、统招本科及以上学历，3年及以上C#.Net开发WinForm应用的相关项目经验；2、对C/S系统有深刻了解，良好的UI设计经验，能够独立完成客户端的开发 '
                '；3、有一年以上基于CEF开发客户端程序的经验；4、熟练掌握CEF的框架，熟练掌握CEF框架中JS如何与C#代码进行交互，能够在.net项目中整合CEF，并对CEF进行性能优化；5、能够紧跟CEF的版本迭代，更新项目中使用CEF框架的版本，保证项目在新系统上的适配。\r\n'
                '                            ',
 'jobname': '软件开发工程师（CEF方向）',
 'salary': '24-36万',
 'salary_max': '36',
 'salary_min': '24'}
2018-04-03 20:24:21 [scrapy.core.scraper] DEBUG: Scraped from <200 https://www.liepin.com/job/1913229980.shtml>
{'address': '深圳',
 'company_name': '维沃移动通信有限公司(vivo智能手机)',
 'company_size': '10000人以上',
 'education': '统招本科',
 'experience': '3年以上',
 'job_require': '岗位职责:主要负责BPM客户端开发与运维任职资格:1、统招本科及以上学历，3年及以上C#.Net开发WinForm应用的相关项目经验；2、对C/S系统有深刻了解，良好的UI设计经验，能够独立完成客户端的开发 '
                '；3、有一年以上基于CEF开发客户端程序的经验；4、熟练掌握CEF的框架，熟练掌握CEF框架中JS如何与C#代码进行交互，能够在.net项目中整合CEF，并对CEF进行性能优化；5、能够紧跟CEF的版本迭代，更新项目中使用CEF框架的版本，保证项目在新系统上的适配。\r\n'
                '                            ',
 'jobname': '软件开发工程师（CEF方向）',
 'salary': '24-36万',
 'salary_max': '36',
 'salary_min': '24'}
2018-04-03 20:24:21 [scrapy.core.scraper] DEBUG: Scraped from <200 https://www.liepin.com/job/1913228156.shtml>
{'address': '南京-雨花台',
 'company_name': '华为',
 'company_size': '10000人以上',
 'education': '统招本科',
 'experience': '3年以上',
 'job_require': '职责描述：负责大数据应用组件、管理平台、分析挖掘平台的开发工作任职要求：1.熟悉Java/Scala/Python/C/C++中的一种或更多 '
                '。2.有完整的项目开发经验，有系统核心模块看护经验 '
                '。3.有大数据Hadoop/HBase/Sqoop/Oozie/Flume/Kafka/Flink '
                '/Storm/Hive/ Spark等开源大数据技术相关经验优先。\r\n'
                '                            ',
 'jobname': 'Hadoop软件开发工程师',
 'salary': '面议',
 'salary_max': 0,
 'salary_min': 0}
2018-04-03 20:24:21 [scrapy.core.scraper] DEBUG: Scraped from <200 https://www.liepin.com/job/199551333.shtml>
{'address': '北京-东城区',
 'company_name': '滴滴出行',
 'company_size': '5000-10000人',
 'education': '本科及以上',
 'experience': '2年以上',
 'job_require': '工作职责： 负责系统部平台开发和设计，根据需求能够独立完成功能的设计和开发工作任职要求：1. '
                '3年以上Web前端开发经验2. 精通各种Web前端技术（HTML/CSS/Javascript等），熟练跨浏览器开发； '
                '3. 熟悉一种或多种常用的Web前端开发框架AngularJS，Vue.js，JQuery，Bootstrap等；4. '
                '精通Java及常用架构，比如：SpringMVC、mybatis；5. 熟悉 MySQL '
                '的基本操作，能够进行独立的数据库设计；6. 可承受较大压力，有责任感，较强的沟通协调能力，具有团队合作精神；\r\n'
                '                            ',
 'jobname': '软件开发工程师(J170720007)',
 'salary': '26-36万',
 'salary_max': '36',
 'salary_min': '26'}
2018-04-03 20:24:21 [scrapy.core.scraper] DEBUG: Scraped from <200 https://www.liepin.com/job/194901721.shtml>
{'address': '上海-浦东新区',
 'company_name': '上海微仓网络科技有限公司',
 'company_size': '1-49人',
 'education': '统招本科',
 'experience': '5年以上',
 'job_require': '工作职责：1、负责SaaS模式服务端软件的设计和开发、上线交付。岗位要求：1. 5年以上软件项目开发工作经验。2. '
                '在实际项目中使用过C语言， Java语言，Python，C#，Node.js语言中的任意两种， 精通其中一种。3. '
                '在实际项目中使用过MS SQL Server, MySql, Oracle中的任意一种。4. '
                '本科及以上学历，计算机、电子、控制等相关专业。5. 热爱编程，代码风格整洁。6. 熟悉TDD， KISS，设计模式,  '
                '敏捷， 精益等软件开发概念的优先。\r\n'
                '                            ',
 'jobname': '高级软件开发工程师(Python/C)',
 'salary': '面议',
 'salary_max': 0,
 'salary_min': 0}
2018-04-03 20:24:21 [scrapy.core.scraper] DEBUG: Scraped from <200 https://www.liepin.com/job/1912675434.shtml>
{'address': '南充',
 'company_name': '四川暴风启智科技有限公司',
 'company_size': '1-49人',
 'education': '统招本科',
 'experience': '3年以上',
 'job_require': '岗位职责：1、负责公司产品开发；2、负责处理项目中出现的技术问题。任职资格：1、计算机等相关专业，本科及以上学历；2、三年以上相关工作经验；3、软件基础理论知识扎实，具有良好的数据结构、算法功底；4、熟悉C++语言；5、具备良好的团队意识及创新思维、自我激励能力，善于与人合作；6、具有良好的表达与沟通能力以及独立思考并解决问题的能力；7、有VR/AR项目经验者优先。\r\n'
                '                            ',
 'jobname': '软件开发工程师',
 'salary': '6-10万',
 'salary_max': '10',
 'salary_min': '6'}
2018-04-03 20:24:21 [scrapy.core.scraper] DEBUG: Scraped from <200 https://www.liepin.com/job/1913227788.shtml>
{'address': '成都-武侯区',
 'company_name': '成都小步创想慧联科技有限公司',
 'company_size': '100-499人',
 'education': '大专及以上',
 'experience': '3年以上',
 'job_require': '岗位要求：1、Windows客户端产品开发与维护，新技术调研，提升软件的品质；2、负责Windows平台下核心功能模块的设计和开发工作；3、根据业务需求设计和实现业务功能模块；4、按照规范为程序模块编写功能说明文档。任职要求：1：有windows下使用c、c++开发客户端应用经历；2：有服务端开发经验者优先；3：除c/c++外，同时熟悉其他开发语言如java、python等优先；4：工作认真负责，有上进心。薪资待遇： '
                '朝九晚六+五险一金 + 年终奖 + 期权+节日福利\r\n'
                '                            ',
 'jobname': 'windows软件开发工程师',
 'salary': '面议',
 'salary_max': 0,
 'salary_min': 0}
2018-04-03 20:24:21 [scrapy.core.scraper] DEBUG: Scraped from <200 https://www.liepin.com/job/193946951.shtml>
{'address': '上海-徐汇区',
 'company_name': '上海柯林布瑞',
 'company_size': '50-99人',
 'education': '学历不限',
 'experience': '3年以上',
 'job_require': '职位描述：1.按需求完成开发任务并交付。 任职资格：1） 1年以上.Net开发经验。2） '
                '熟悉主流数据库脚本。3）熟悉BS构架软件部署方案。\r\n'
                '                            ',
 'jobname': '.net软件开发工程师',
 'salary': '12-18万',
 'salary_max': '18',
 'salary_min': '12'}
2018-04-03 20:24:21 [scrapy.core.scraper] DEBUG: Scraped from <200 https://www.liepin.com/job/1913221892.shtml>
{'address': '深圳',
 'company_name': '深圳市海勤科技有限公司',
 'company_size': '100-499人',
 'education': '本科及以上',
 'experience': '1年以上',
 'job_require': '工作职责：1、参与Linux电视系统的软件开发2、负责一线客户新方案提供现场技术支持3、完善生产、售后等部门提供技术支持指导4、对公司已成熟的TV方案做维护工作5、电视软件维护，修改，客制化定制6、协助客户解决液晶电视整机生产遇到的问题职位要求：1、大专以上学历，电子类专业，基本英文听说读写能力。2、2年以内消费类电子行业工作经验，电子技术基础，电视相关经验优先。3、熟悉C语言，能独立清理客户的问题优先。4、良好的沟通能力,耐压能力,敏捷的应变能力。5、能适应在珠江三角地区经常出差。6、工作细致认真负责，具备吃苦耐劳的精神,有较强的团队合作精神公司福利待遇1：薪资：薪资收入=基本工资+年底双薪+绩效工资；2：保险：入职即购买五险一金；3：旅游：定期公司组织大型旅游活动，开阔视野，体验享受工作外不同生活；4：健身：足球、篮球、羽毛球、游泳等，也等您发掘、组织和领导更多的健身活动；5：聚餐：节假日、圣诞会，尾牙晚会（丰厚大奖）等活动；6：住宿：公司免费提供宿舍，空调、热水器、全自动洗衣机等家电家私；7：假日：享有带薪年假N+4、婚假/礼金、生育假/礼金、病假、年底双薪等福利；8：户籍：可接收深圳户口，符合条件的学士学位享有每年1.5万住房补贴--如果你需要；9：培训：每一位新员工都会有资深的工程师亲自辅导，提供最大的学习与发展空间。\r\n'
                '                            ',
 'jobname': '嵌入式软件开发--支持类',
 'salary': '7-14万',
 'salary_max': '14',
 'salary_min': '7'}
2018-04-03 20:24:21 [scrapy.core.scraper] DEBUG: Scraped from <200 https://www.liepin.com/job/196803145.shtml>
{'address': '成都',
 'company_name': '优博创通',
 'company_size': '100-499人',
 'education': '本科及以上',
 'experience': '3年以上',
 'job_require': '1、根据产品开发和测试的需要，进行研发和生产所需的自动测试系统软件的开发；2、完成软件代码的详细设计、编写、集成与测试、发布3、完成各项设计文件和技术资料的归档工作，实现公司技术的积累和可延续性4、负责对研发和生产使用的自动测试软件的技术支持，解决自动测试软件在使用中出现的各种问题；5、通过追踪先进的测试技术和软件开发技术，不断优化自动测试软件，提高产品的生产效率。任职资格：1、大学本科及以上学历，通过大学英语四级或相当水平，通讯、电子、计算机和自动化相关专业；2、三年以上应用软件开发经验；3、精通基于C、C++语言的应用程序的编程技术，会labwindows '
                'CVI更佳；4、熟悉I2C、SPI、UART等常用接口的编程；5、有光收发器自动测试软件开发经验优先；6、具有良好的团队精神，高度的责任心和沟通协作能力，较强的逻辑思维能力\r\n'
                '                            ',
 'jobname': '自动化测试软件开发工程师',
 'salary': '10-18万',
 'salary_max': '18',
 'salary_min': '10'}
2018-04-03 20:24:21 [scrapy.core.scraper] DEBUG: Scraped from <200 https://www.liepin.com/job/1913226415.shtml>
{'address': '广州',
 'company_name': '人民财产保险广州',
 'company_size': '2000-5000人',
 'education': '统招本科',
 'experience': '1年以上',
 'job_require': '职责描述：1.推广、维护总公司开发的应用软件系统；2.组织开发分公司相关管理软件；3.数据修正的技术支持工作；4.梳理审核本辖区的核心业务需求；任职要求：1.全日制本科及以上学历；2.计算机科学与技术、软件开发等相关专业；3.具备较好的沟通表达能力和较强的责任心。\r\n'
                '                            ',
 'jobname': '软件开发工程师',
 'salary': '12-14万',
 'salary_max': '14',
 'salary_min': '12'}
2018-04-03 20:24:21 [scrapy.core.scraper] DEBUG: Scraped from <200 https://www.liepin.com/job/195886362.shtml>
{'address': '上海-浦东新区',
 'company_name': '上海微仓网络科技有限公司',
 'company_size': '1-49人',
 'education': '本科及以上',
 'experience': '5年以上',
 'job_require': '工作职责：1、负责SaaS模式服务端软件的设计和开发、上线交付。岗位要求：1. 5年以上软件项目开发工作经验。2. '
                '在实际项目中使用过C语言， Java语言，Python，C#，Node.js语言中的任意两种， 精通其中一种。3. '
                '在实际项目中使用过MS SQL Server, MySql, Oracle中的任意一种。4. '
                '本科及以上学历，计算机、电子、控制等相关专业。5. 热爱编程，代码风格整洁。6. 熟悉TDD， KISS，设计模式,  '
                '敏捷， 精益等软件开发概念的优先。\r\n'
                '                            ',
 'jobname': '软件开发工程师',
 'salary': '12-18万',
 'salary_max': '18',
 'salary_min': '12'}
2018-04-03 20:24:22 [scrapy.core.scraper] DEBUG: Scraped from <200 https://www.liepin.com/job/1913227805.shtml>
{'address': '青岛',
 'company_name': '青岛海信网络科技股份有限公司',
 'company_size': '1000-2000人',
 'education': '统招本科',
 'experience': '2年以上',
 'job_require': '岗位职责：1、根据项目需要，支持现场软件部署，web端修改等；2、软件接口对接及开发工作。任职要求：1、学历要求：本科及以上学历；2、社招要求工作两年以上；3、熟悉web前端开发技术；4、精通java/C++语言，有丰富的软件开发经验；5、从事过图像处理相关工作者优先。\n',
 'jobname': '软件开发工程师',
 'salary': '12-18万',
 'salary_max': '18',
 'salary_min': '12'}
2018-04-03 20:24:22 [scrapy.core.scraper] DEBUG: Scraped from <200 https://www.liepin.com/job/1913058144.shtml>
{'address': '北京',
 'company_name': '北京迈达斯技术有限公司',
 'company_size': '100-499人',
 'education': '学历不限',
 'experience': '经验不限',
 'job_require': 'C++软件开发工程师1. 职务(1) 主要业务- 基于C++&MFC(VS2012)的 CAE&CAD软件开发及维护※ '
                'CAE : Computer-Aided Engineering, CAD : Computer-Aided '
                'Design(2) CAE&CAD 软件开发及维护- 数据库接口, BIM 接口, 2D&3D CAD 接口- CAE '
                '模型编辑, 结构设计工具, 分析结果模拟- 计算书自动生成及导出, 图纸自动生成及导出(3) 公司主要产品- 建筑领域: '
                'Gen, Building, smartPPDS- 桥梁领域: Civil, CDN, FEA, smartBDS- '
                '岩土领域: XD, XDS, GTS, SoilWorks2. 岗位要求(1) 拥有4年或以上的C++ 、MFC 或 '
                'C#研发或项目经历(2) 优先招聘拥有3年或以上结构设计软件开发经验者(3) 优先考虑拥有大数据库设计及开发经验的人(4) '
                '优先考虑拥有OpenGL图形软件开发经验的人(5) 韩语精通(6) 工作地点 : '
                '北京※不限年龄、专业、学历(前提是对软件开发拥有足够的热情与能力)3. 面试流程step1 : 简历筛选step2 : '
                '笔试 (1小时30分) + 第一轮面试 (50分, 限笔试合格人)step3 : 第二轮面试（CEO） (50分)\r\n'
                '                            ',
 'jobname': 'C++软件开发工程师',
 'salary': '面议',
 'salary_max': 0,
 'salary_min': 0}
2018-04-03 20:24:22 [scrapy.core.engine] DEBUG: Crawled (200) <GET https://www.liepin.com/job/1913222612.shtml> (referer: https://www.liepin.com/zhaopin/?ckid=feea4e76b491ac8e&fromSearchBtn=2&degradeFlag=0&init=-1&sfrom=click-pc_homepage-centre_searchbox-search_new&key=+%E8%BD%AF%E4%BB%B6%E5%BC%80%E5%8F%91+&headckid=feea4e76b491ac8e&d_pageSize=40&siTag=Dzod3Fii-o4Qagzlj9WJWQ%7EfA9rXquZc5IkJpXC-Ycixw&d_headId=1fd63b582873c75b95772af648d184fa&d_ckId=1fd63b582873c75b95772af648d184fa&d_sfrom=search_fp&d_curPage=0&curPage=1)
2018-04-03 20:24:22 [scrapy.core.engine] DEBUG: Crawled (200) <GET https://www.liepin.com/job/1912168449.shtml> (referer: https://www.liepin.com/zhaopin/?ckid=feea4e76b491ac8e&fromSearchBtn=2&init=-1&sfrom=click-pc_homepage-centre_searchbox-search_new&degradeFlag=0&key=+%E8%BD%AF%E4%BB%B6%E5%BC%80%E5%8F%91+&headckid=feea4e76b491ac8e&d_pageSize=40&siTag=Dzod3Fii-o4Qagzlj9WJWQ%7EfA9rXquZc5IkJpXC-Ycixw&d_headId=1fd63b582873c75b95772af648d184fa&d_ckId=1fd63b582873c75b95772af648d184fa&d_sfrom=search_fp&d_curPage=1&curPage=2)
2018-04-03 20:24:22 [scrapy.core.scraper] DEBUG: Scraped from <200 https://www.liepin.com/job/1913222612.shtml>
{'address': '福州',
 'company_name': '顶点',
 'company_size': '500-999人',
 'education': '本科及以上',
 'experience': '1年以上',
 'job_require': '岗位职责：证券集中运营系统系列软件开发。任职要求：1.本科及以上学历，一年以上开发经验；2.有使用C++/Java/C#/Delphi等至少一种编程语言进行软件开发的经验，具有一定的系统分析和设计能力；3.熟悉至少一种主流数据库,如ORACLE、SQLServer、MYSQL等，具备SQL语言开发能力；4.良好的沟通能力和敬业精神。\r\n'
                '                            ',
 'jobname': '软件开发工程师',
 'salary': '7-12万',
 'salary_max': '12',
 'salary_min': '7'}
2018-04-03 20:24:22 [scrapy.core.scraper] DEBUG: Scraped from <200 https://www.liepin.com/job/1912168449.shtml>
{'address': '成都-武侯区',
 'company_name': '亚中医疗',
 'company_size': '100-499人',
 'education': '本科及以上',
 'experience': '3年以上',
 'job_require': '岗位职责：1.参与订单管理系统(OMS)和试剂管理系统(RMS)系统的需求分析、方案设计、开发、测试和维护；2.优化完善现有平台和系统，负责分析与确认系统的二次开发需求（包含新的系统功能以及报表等）并完成开发；3.对接订单平台供应商系统、实施部署RMS系统；4.解决系统日常运维中的问题；5.完成上级交办的其他工作。任职要求：1.计算机相关专业本科及以上学历；2.5年以上Java项目开发经验，熟悉J2EE技术体系；3.熟悉HTML/HTML5、DIV+CSS、Javascript、Jquery、Ajax、easyui、bootstrap等框架；4.熟悉Oracle、SQL '
                'Server、MySQL等数据库；5.有移动开发经验优先。\r\n'
                '                            ',
 'jobname': '软件开发工程师(OMS)(ZB010)',
 'salary': '12-18万',
 'salary_max': '18',
 'salary_min': '12'}
2018-04-03 20:24:22 [scrapy.statscollectors] INFO: Dumping Scrapy stats:
{'downloader/request_bytes': 43755,
 'downloader/request_count': 69,
 'downloader/request_method_count/GET': 69,
 'downloader/response_bytes': 991221,
 'downloader/response_count': 69,
 'downloader/response_status_count/200': 69,
 'dupefilter/filtered': 118,
 'finish_reason': 'shutdown',
 'finish_time': datetime.datetime(2018, 4, 3, 12, 24, 22, 304625),
 'item_scraped_count': 58,
 'log_count/DEBUG': 129,
 'log_count/ERROR': 7,
 'log_count/INFO': 8,
 'log_count/WARNING': 1,
 'request_depth_max': 3,
 'response_received_count': 69,
 'scheduler/dequeued': 68,
 'scheduler/dequeued/memory': 68,
 'scheduler/enqueued': 123,
 'scheduler/enqueued/memory': 123,
 'spider_exceptions/AttributeError': 7,
 'start_time': datetime.datetime(2018, 4, 3, 12, 24, 18, 230142)}
2018-04-03 20:24:22 [scrapy.core.engine] INFO: Spider closed (shutdown)
